#
# There is insufficient memory for the Java Runtime Environment to continue.
# Native memory allocation (malloc) failed to allocate 2187216 bytes for Chunk::new
# Possible reasons:
#   The system is out of physical RAM or swap space
#   The process is running with CompressedOops enabled, and the Java Heap may be blocking the growth of the native heap
# Possible solutions:
#   Reduce memory load on the system
#   Increase physical memory or swap space
#   Check if swap backing store is full
#   Decrease Java heap size (-Xmx/-Xms)
#   Decrease number of Java threads
#   Decrease Java thread stack sizes (-Xss)
#   Set larger code cache with -XX:ReservedCodeCacheSize=
#   JVM is running with Unscaled Compressed Oops mode in which the Java heap is
#     placed in the first 4GB address space. The Java Heap base address is the
#     maximum limit for the native heap growth. Please use -XX:HeapBaseMinAddress
#     to set the Java Heap base and to place the Java Heap above 4GB virtual address.
# This output file may be truncated or incomplete.
#
#  Out of Memory Error (./src/hotspot/share/memory/arena.cpp:197), pid=18284, tid=23860
#
# JRE version: OpenJDK Runtime Environment (11.0.13) (build 11.0.13+0-b1751.21-8125866)
# Java VM: OpenJDK 64-Bit Server VM (11.0.13+0-b1751.21-8125866, mixed mode, tiered, compressed oops, g1 gc, windows-amd64)
# No core dump will be written. Minidumps are not enabled by default on client versions of Windows
#

---------------  S U M M A R Y ------------

Command Line: --add-opens=java.base/java.util=ALL-UNNAMED --add-opens=java.base/java.lang=ALL-UNNAMED --add-opens=java.base/java.lang.invoke=ALL-UNNAMED --add-opens=java.base/java.util=ALL-UNNAMED --add-opens=java.prefs/java.util.prefs=ALL-UNNAMED --add-opens=java.prefs/java.util.prefs=ALL-UNNAMED --add-opens=java.base/java.nio.charset=ALL-UNNAMED --add-opens=java.base/java.net=ALL-UNNAMED --add-opens=java.base/java.util.concurrent.atomic=ALL-UNNAMED -Xmx2048m -Dfile.encoding=UTF-8 -Duser.country=US -Duser.language=en -Duser.variant org.gradle.launcher.daemon.bootstrap.GradleDaemon 7.4

Host: Intel(R) Core(TM) i5-10300H CPU @ 2.50GHz, 8 cores, 7G,  Windows 11 , 64 bit Build 22621 (10.0.22621.1344)
Time: Fri Mar 24 22:16:10 2023 SE Asia Standard Time elapsed time: 4540.549071 seconds (0d 1h 15m 40s)

---------------  T H R E A D  ---------------

Current thread (0x0000025f012c4800):  JavaThread "C2 CompilerThread0" daemon [_thread_in_native, id=23860, stack(0x000000e349b00000,0x000000e349c00000)]


Current CompileTask:
C2:4540549 21221       4       org.apache.xerces.impl.XMLNSDocumentScannerImpl::scanStartElement (873 bytes)

Stack: [0x000000e349b00000,0x000000e349c00000]
Native frames: (J=compiled Java code, j=interpreted, Vv=VM code, C=native code)
V  [jvm.dll+0x6100fa]
V  [jvm.dll+0x747090]
V  [jvm.dll+0x7486ad]
V  [jvm.dll+0x748d83]
V  [jvm.dll+0x24ab48]
V  [jvm.dll+0xc04dc]
V  [jvm.dll+0xc0a0c]
V  [jvm.dll+0x35eb9d]
V  [jvm.dll+0x32b833]
V  [jvm.dll+0x32ad2a]
V  [jvm.dll+0x2032b2]
V  [jvm.dll+0x202437]
V  [jvm.dll+0x188e01]
V  [jvm.dll+0x21106b]
V  [jvm.dll+0x20f8c1]
V  [jvm.dll+0x70de0f]
V  [jvm.dll+0x706a75]
V  [jvm.dll+0x60ed66]
C  [ucrtbase.dll+0x29363]
C  [KERNEL32.DLL+0x126bd]
C  [ntdll.dll+0x5a9f8]


---------------  P R O C E S S  ---------------

Threads class SMR info:
_java_thread_list=0x0000025f033665b0, length=133, elements={
0x0000025f66460800, 0x0000025f00954800, 0x0000025f00955800, 0x0000025f00970000,
0x0000025f00971800, 0x0000025f00975800, 0x0000025f012c4800, 0x0000025f012ca800,
0x0000025f012d0000, 0x0000025f0142f000, 0x0000025f02a5f800, 0x0000025f02972000,
0x0000025f02cb9800, 0x0000025f02532000, 0x0000025f02534800, 0x0000025f02530800,
0x0000025f02533000, 0x0000025f02534000, 0x0000025f0252f800, 0x0000025f02531800,
0x0000025f0252f000, 0x0000025f02535800, 0x0000025f04c37000, 0x0000025f04c3b800,
0x0000025f04c3c800, 0x0000025f04c3d800, 0x0000025f04c38800, 0x0000025f04c40800,
0x0000025f0a833800, 0x0000025f0a826800, 0x0000025f0a827800, 0x0000025f0a82a800,
0x0000025f0a82c800, 0x0000025f0a82e000, 0x0000025f0a82d000, 0x0000025f0a82a000,
0x0000025f0a828800, 0x0000025f0a829000, 0x0000025f0a830800, 0x0000025f0a82b800,
0x0000025f0a831800, 0x0000025f0a82f000, 0x0000025f0a832000, 0x0000025f0a835800,
0x0000025f0a82f800, 0x0000025f0a834800, 0x0000025f0a833000, 0x0000025f0a4b2000,
0x0000025f0a4b3000, 0x0000025f0a4b1800, 0x0000025f0a4af000, 0x0000025f0a4b4800,
0x0000025f0a4b5800, 0x0000025f0a4b0800, 0x0000025f0a4b0000, 0x0000025f0a4b8000,
0x0000025f0a4b9000, 0x0000025f0a4b6800, 0x0000025f0a4b7000, 0x0000025f0a4b9800,
0x0000025f0a4ba800, 0x0000025f0a4bb000, 0x0000025f0a4bc000, 0x0000025f0a4bd000,
0x0000025f0a4bd800, 0x0000025f068f6800, 0x0000025f068f5000, 0x0000025f068f7800,
0x0000025f068f8000, 0x0000025f068f9000, 0x0000025f068f3800, 0x0000025f068fa000,
0x0000025f068f4000, 0x0000025f06900800, 0x0000025f068ff800, 0x0000025f068fe000,
0x0000025f068fb800, 0x0000025f068fd000, 0x0000025f068fa800, 0x0000025f06901000,
0x0000025f068ff000, 0x0000025f068fc800, 0x0000025f06902000, 0x0000025f04c37800,
0x0000025f04c3e000, 0x0000025f04c40000, 0x0000025f04c3a000, 0x0000025f04c3b000,
0x0000025f04c41800, 0x0000025f04c42000, 0x0000025f04c43000, 0x0000025f04c44000,
0x0000025f04c44800, 0x0000025f06c82000, 0x0000025f06c84800, 0x0000025f06c85000,
0x0000025f06c86000, 0x0000025f06c83800, 0x0000025f06c83000, 0x0000025f06c88800,
0x0000025f06c8c800, 0x0000025f06c87000, 0x0000025f06c87800, 0x0000025f06c8c000,
0x0000025f06c8b000, 0x0000025f06c8f000, 0x0000025f06c8d800, 0x0000025f06c8e000,
0x0000025f06c89800, 0x0000025f06c90000, 0x0000025f06c8a000, 0x0000025f06c90800,
0x0000025f084ca800, 0x0000025f084c8800, 0x0000025f084c6800, 0x0000025f084c7000,
0x0000025f084c8000, 0x0000025f084c9800, 0x0000025f084c4800, 0x0000025f084cb000,
0x0000025f084c5800, 0x0000025f084ce800, 0x0000025f084d0000, 0x0000025f084cf800,
0x0000025f084d1000, 0x0000025f084d1800, 0x0000025f084cc000, 0x0000025f084d2800,
0x0000025f084cd000, 0x0000025f084d3800, 0x0000025f084cd800, 0x0000025f12188800,
0x0000025f1218d800
}

Java Threads: ( => current thread )
  0x0000025f66460800 JavaThread "main" [_thread_blocked, id=10916, stack(0x000000e348f00000,0x000000e349000000)]
  0x0000025f00954800 JavaThread "Reference Handler" daemon [_thread_blocked, id=10260, stack(0x000000e349600000,0x000000e349700000)]
  0x0000025f00955800 JavaThread "Finalizer" daemon [_thread_blocked, id=10748, stack(0x000000e349700000,0x000000e349800000)]
  0x0000025f00970000 JavaThread "Signal Dispatcher" daemon [_thread_blocked, id=15484, stack(0x000000e349800000,0x000000e349900000)]
  0x0000025f00971800 JavaThread "Attach Listener" daemon [_thread_blocked, id=10824, stack(0x000000e349900000,0x000000e349a00000)]
  0x0000025f00975800 JavaThread "Service Thread" daemon [_thread_blocked, id=4732, stack(0x000000e349a00000,0x000000e349b00000)]
=>0x0000025f012c4800 JavaThread "C2 CompilerThread0" daemon [_thread_in_native, id=23860, stack(0x000000e349b00000,0x000000e349c00000)]
  0x0000025f012ca800 JavaThread "C1 CompilerThread0" daemon [_thread_blocked, id=732, stack(0x000000e349c00000,0x000000e349d00000)]
  0x0000025f012d0000 JavaThread "Sweeper thread" daemon [_thread_blocked, id=12468, stack(0x000000e349d00000,0x000000e349e00000)]
  0x0000025f0142f000 JavaThread "Common-Cleaner" daemon [_thread_blocked, id=8280, stack(0x000000e349e00000,0x000000e349f00000)]
  0x0000025f02a5f800 JavaThread "Daemon health stats" [_thread_blocked, id=22864, stack(0x000000e34a400000,0x000000e34a500000)]
  0x0000025f02972000 JavaThread "Incoming local TCP Connector on port 61355" [_thread_in_native, id=26260, stack(0x000000e34a000000,0x000000e34a100000)]
  0x0000025f02cb9800 JavaThread "Daemon periodic checks" [_thread_blocked, id=18528, stack(0x000000e34a300000,0x000000e34a400000)]
  0x0000025f02532000 JavaThread "Cache worker for journal cache (C:\Users\Nguyen Phuc\.gradle\caches\journal-1)" [_thread_blocked, id=21560, stack(0x000000e34b200000,0x000000e34b300000)]
  0x0000025f02534800 JavaThread "File lock request listener" [_thread_in_native, id=18420, stack(0x000000e34b300000,0x000000e34b400000)]
  0x0000025f02530800 JavaThread "Cache worker for file hash cache (C:\Users\Nguyen Phuc\.gradle\caches\7.4\fileHashes)" [_thread_blocked, id=10456, stack(0x000000e34b500000,0x000000e34b600000)]
  0x0000025f02533000 JavaThread "File watcher server" daemon [_thread_in_native, id=8224, stack(0x000000e34b600000,0x000000e34b700000)]
  0x0000025f02534000 JavaThread "File watcher consumer" daemon [_thread_blocked, id=22624, stack(0x000000e34b700000,0x000000e34b800000)]
  0x0000025f0252f800 JavaThread "jar transforms" [_thread_blocked, id=11444, stack(0x000000e34b800000,0x000000e34b900000)]
  0x0000025f02531800 JavaThread "jar transforms Thread 2" [_thread_blocked, id=24740, stack(0x000000e34b900000,0x000000e34ba00000)]
  0x0000025f0252f000 JavaThread "jar transforms Thread 3" [_thread_blocked, id=5512, stack(0x000000e34ba00000,0x000000e34bb00000)]
  0x0000025f02535800 JavaThread "jar transforms Thread 4" [_thread_blocked, id=18880, stack(0x000000e34bb00000,0x000000e34bc00000)]
  0x0000025f04c37000 JavaThread "jar transforms Thread 5" [_thread_blocked, id=22932, stack(0x000000e34bc00000,0x000000e34bd00000)]
  0x0000025f04c3b800 JavaThread "jar transforms Thread 6" [_thread_blocked, id=23868, stack(0x000000e34bd00000,0x000000e34be00000)]
  0x0000025f04c3c800 JavaThread "jar transforms Thread 7" [_thread_blocked, id=22368, stack(0x000000e34be00000,0x000000e34bf00000)]
  0x0000025f04c3d800 JavaThread "jar transforms Thread 8" [_thread_blocked, id=10364, stack(0x000000e34bf00000,0x000000e34c000000)]
  0x0000025f04c38800 JavaThread "Cache worker for execution history cache (C:\Users\Nguyen Phuc\.gradle\caches\7.4\executionHistory)" [_thread_blocked, id=20352, stack(0x000000e34c300000,0x000000e34c400000)]
  0x0000025f04c40800 JavaThread "Cache worker for file content cache (C:\Users\Nguyen Phuc\.gradle\caches\7.4\fileContent)" [_thread_blocked, id=25728, stack(0x000000e34c500000,0x000000e34c600000)]
  0x0000025f0a833800 JavaThread "Memory manager" [_thread_blocked, id=22992, stack(0x000000e34c400000,0x000000e34c500000)]
  0x0000025f0a826800 JavaThread "Daemon Thread 7" [_thread_blocked, id=8580, stack(0x000000e348c00000,0x000000e348d00000)]
  0x0000025f0a827800 JavaThread "Handler for socket connection from /127.0.0.1:61355 to /127.0.0.1:59770" [_thread_in_native, id=8600, stack(0x000000e348d00000,0x000000e348e00000)]
  0x0000025f0a82a800 JavaThread "Cancel handler" [_thread_blocked, id=8872, stack(0x000000e348e00000,0x000000e348f00000)]
  0x0000025f0a82c800 JavaThread "Daemon worker Thread 4" [_thread_blocked, id=15004, stack(0x000000e34a500000,0x000000e34a600000)]
  0x0000025f0a82e000 JavaThread "Asynchronous log dispatcher for DefaultDaemonConnection: socket connection from /127.0.0.1:61355 to /127.0.0.1:59770" [_thread_blocked, id=3816, stack(0x000000e34a600000,0x000000e34a700000)]
  0x0000025f0a82d000 JavaThread "Stdin handler" [_thread_blocked, id=24488, stack(0x000000e34a700000,0x000000e34a800000)]
  0x0000025f0a82a000 JavaThread "Daemon client event forwarder" [_thread_blocked, id=15752, stack(0x000000e34a800000,0x000000e34a900000)]
  0x0000025f0a828800 JavaThread "Cache worker for checksums cache (D:\TaiLieuHocTap\OutsideSource\Android\LearnMaterial\MidtermDemo\.gradle\7.4\checksums)" [_thread_blocked, id=17160, stack(0x000000e34a900000,0x000000e34aa00000)]
  0x0000025f0a829000 JavaThread "Cache worker for cache directory md-rule (C:\Users\Nguyen Phuc\.gradle\caches\7.4\md-rule)" [_thread_blocked, id=24656, stack(0x000000e34aa00000,0x000000e34ab00000)]
  0x0000025f0a830800 JavaThread "Cache worker for file hash cache (D:\TaiLieuHocTap\OutsideSource\Android\LearnMaterial\MidtermDemo\.gradle\7.4\fileHashes)" [_thread_blocked, id=4976, stack(0x000000e34ab00000,0x000000e34ac00000)]
  0x0000025f0a82b800 JavaThread "Cache worker for cache directory md-supplier (C:\Users\Nguyen Phuc\.gradle\caches\7.4\md-supplier)" [_thread_blocked, id=19412, stack(0x000000e34c000000,0x000000e34c100000)]
  0x0000025f0a831800 JavaThread "Cache worker for dependencies-accessors (D:\TaiLieuHocTap\OutsideSource\Android\LearnMaterial\MidtermDemo\.gradle\7.4\dependencies-accessors)" [_thread_blocked, id=19900, stack(0x000000e34c100000,0x000000e34c200000)]
  0x0000025f0a82f000 JavaThread "Cache worker for Build Output Cleanup Cache (D:\TaiLieuHocTap\OutsideSource\Android\LearnMaterial\MidtermDemo\.gradle\buildOutputCleanup)" [_thread_blocked, id=15000, stack(0x000000e34c200000,0x000000e34c300000)]
  0x0000025f0a832000 JavaThread "Unconstrained build operations" [_thread_blocked, id=6296, stack(0x000000e34c600000,0x000000e34c700000)]
  0x0000025f0a835800 JavaThread "Unconstrained build operations Thread 2" [_thread_blocked, id=23736, stack(0x000000e34c700000,0x000000e34c800000)]
  0x0000025f0a82f800 JavaThread "Unconstrained build operations Thread 3" [_thread_blocked, id=24636, stack(0x000000e34c800000,0x000000e34c900000)]
  0x0000025f0a834800 JavaThread "Unconstrained build operations Thread 4" [_thread_blocked, id=168, stack(0x000000e34c900000,0x000000e34ca00000)]
  0x0000025f0a833000 JavaThread "Unconstrained build operations Thread 5" [_thread_blocked, id=24596, stack(0x000000e34ca00000,0x000000e34cb00000)]
  0x0000025f0a4b2000 JavaThread "Unconstrained build operations Thread 6" [_thread_blocked, id=2580, stack(0x000000e34cb00000,0x000000e34cc00000)]
  0x0000025f0a4b3000 JavaThread "Unconstrained build operations Thread 7" [_thread_blocked, id=21028, stack(0x000000e34cc00000,0x000000e34cd00000)]
  0x0000025f0a4b1800 JavaThread "Unconstrained build operations Thread 8" [_thread_blocked, id=16548, stack(0x000000e34cd00000,0x000000e34ce00000)]
  0x0000025f0a4af000 JavaThread "Unconstrained build operations Thread 9" [_thread_blocked, id=21672, stack(0x000000e34ce00000,0x000000e34cf00000)]
  0x0000025f0a4b4800 JavaThread "Unconstrained build operations Thread 10" [_thread_blocked, id=7888, stack(0x000000e34cf00000,0x000000e34d000000)]
  0x0000025f0a4b5800 JavaThread "Unconstrained build operations Thread 11" [_thread_blocked, id=15324, stack(0x000000e34d000000,0x000000e34d100000)]
  0x0000025f0a4b0800 JavaThread "Unconstrained build operations Thread 12" [_thread_blocked, id=10464, stack(0x000000e34d100000,0x000000e34d200000)]
  0x0000025f0a4b0000 JavaThread "Unconstrained build operations Thread 13" [_thread_blocked, id=11152, stack(0x000000e34d200000,0x000000e34d300000)]
  0x0000025f0a4b8000 JavaThread "Unconstrained build operations Thread 14" [_thread_blocked, id=4520, stack(0x000000e34d300000,0x000000e34d400000)]
  0x0000025f0a4b9000 JavaThread "Unconstrained build operations Thread 15" [_thread_blocked, id=14620, stack(0x000000e34d400000,0x000000e34d500000)]
  0x0000025f0a4b6800 JavaThread "Unconstrained build operations Thread 16" [_thread_blocked, id=14456, stack(0x000000e34d500000,0x000000e34d600000)]
  0x0000025f0a4b7000 JavaThread "Unconstrained build operations Thread 17" [_thread_blocked, id=4540, stack(0x000000e34d600000,0x000000e34d700000)]
  0x0000025f0a4b9800 JavaThread "Unconstrained build operations Thread 18" [_thread_blocked, id=13680, stack(0x000000e34d700000,0x000000e34d800000)]
  0x0000025f0a4ba800 JavaThread "Unconstrained build operations Thread 19" [_thread_blocked, id=16192, stack(0x000000e34d800000,0x000000e34d900000)]
  0x0000025f0a4bb000 JavaThread "Unconstrained build operations Thread 20" [_thread_blocked, id=16732, stack(0x000000e34d900000,0x000000e34da00000)]
  0x0000025f0a4bc000 JavaThread "Unconstrained build operations Thread 21" [_thread_blocked, id=7600, stack(0x000000e34da00000,0x000000e34db00000)]
  0x0000025f0a4bd000 JavaThread "Unconstrained build operations Thread 22" [_thread_blocked, id=20120, stack(0x000000e34db00000,0x000000e34dc00000)]
  0x0000025f0a4bd800 JavaThread "Unconstrained build operations Thread 23" [_thread_blocked, id=13216, stack(0x000000e34dc00000,0x000000e34dd00000)]
  0x0000025f068f6800 JavaThread "Unconstrained build operations Thread 24" [_thread_blocked, id=19140, stack(0x000000e34dd00000,0x000000e34de00000)]
  0x0000025f068f5000 JavaThread "Unconstrained build operations Thread 25" [_thread_blocked, id=10704, stack(0x000000e34de00000,0x000000e34df00000)]
  0x0000025f068f7800 JavaThread "Unconstrained build operations Thread 26" [_thread_blocked, id=7308, stack(0x000000e34df00000,0x000000e34e000000)]
  0x0000025f068f8000 JavaThread "Unconstrained build operations Thread 27" [_thread_blocked, id=8988, stack(0x000000e34e000000,0x000000e34e100000)]
  0x0000025f068f9000 JavaThread "Unconstrained build operations Thread 28" [_thread_blocked, id=13636, stack(0x000000e34e100000,0x000000e34e200000)]
  0x0000025f068f3800 JavaThread "Unconstrained build operations Thread 29" [_thread_blocked, id=6188, stack(0x000000e34e200000,0x000000e34e300000)]
  0x0000025f068fa000 JavaThread "Unconstrained build operations Thread 30" [_thread_blocked, id=11988, stack(0x000000e34e300000,0x000000e34e400000)]
  0x0000025f068f4000 JavaThread "Unconstrained build operations Thread 31" [_thread_blocked, id=16452, stack(0x000000e34e400000,0x000000e34e500000)]
  0x0000025f06900800 JavaThread "Unconstrained build operations Thread 32" [_thread_blocked, id=15920, stack(0x000000e34e500000,0x000000e34e600000)]
  0x0000025f068ff800 JavaThread "Unconstrained build operations Thread 33" [_thread_blocked, id=22572, stack(0x000000e34e600000,0x000000e34e700000)]
  0x0000025f068fe000 JavaThread "Unconstrained build operations Thread 34" [_thread_blocked, id=4532, stack(0x000000e34e700000,0x000000e34e800000)]
  0x0000025f068fb800 JavaThread "Unconstrained build operations Thread 35" [_thread_blocked, id=6556, stack(0x000000e34e800000,0x000000e34e900000)]
  0x0000025f068fd000 JavaThread "Unconstrained build operations Thread 36" [_thread_blocked, id=5564, stack(0x000000e34e900000,0x000000e34ea00000)]
  0x0000025f068fa800 JavaThread "Unconstrained build operations Thread 37" [_thread_blocked, id=25760, stack(0x000000e34ea00000,0x000000e34eb00000)]
  0x0000025f06901000 JavaThread "Unconstrained build operations Thread 38" [_thread_blocked, id=8504, stack(0x000000e34eb00000,0x000000e34ec00000)]
  0x0000025f068ff000 JavaThread "Unconstrained build operations Thread 39" [_thread_blocked, id=21968, stack(0x000000e34ec00000,0x000000e34ed00000)]
  0x0000025f068fc800 JavaThread "Unconstrained build operations Thread 40" [_thread_blocked, id=13928, stack(0x000000e34ed00000,0x000000e34ee00000)]
  0x0000025f06902000 JavaThread "Unconstrained build operations Thread 41" [_thread_blocked, id=17464, stack(0x000000e34ee00000,0x000000e34ef00000)]
  0x0000025f04c37800 JavaThread "Unconstrained build operations Thread 42" [_thread_blocked, id=17908, stack(0x000000e34ef00000,0x000000e34f000000)]
  0x0000025f04c3e000 JavaThread "Unconstrained build operations Thread 43" [_thread_blocked, id=15292, stack(0x000000e34f000000,0x000000e34f100000)]
  0x0000025f04c40000 JavaThread "Unconstrained build operations Thread 44" [_thread_blocked, id=16260, stack(0x000000e34f100000,0x000000e34f200000)]
  0x0000025f04c3a000 JavaThread "Unconstrained build operations Thread 45" [_thread_blocked, id=9916, stack(0x000000e34f200000,0x000000e34f300000)]
  0x0000025f04c3b000 JavaThread "Unconstrained build operations Thread 46" [_thread_blocked, id=24952, stack(0x000000e34f300000,0x000000e34f400000)]
  0x0000025f04c41800 JavaThread "Unconstrained build operations Thread 47" [_thread_blocked, id=20964, stack(0x000000e34f400000,0x000000e34f500000)]
  0x0000025f04c42000 JavaThread "Unconstrained build operations Thread 48" [_thread_blocked, id=16252, stack(0x000000e34f500000,0x000000e34f600000)]
  0x0000025f04c43000 JavaThread "Unconstrained build operations Thread 49" [_thread_blocked, id=24304, stack(0x000000e34f600000,0x000000e34f700000)]
  0x0000025f04c44000 JavaThread "Unconstrained build operations Thread 50" [_thread_blocked, id=13372, stack(0x000000e34f700000,0x000000e34f800000)]
  0x0000025f04c44800 JavaThread "Unconstrained build operations Thread 51" [_thread_blocked, id=20936, stack(0x000000e34f800000,0x000000e34f900000)]
  0x0000025f06c82000 JavaThread "Unconstrained build operations Thread 52" [_thread_blocked, id=25592, stack(0x000000e34f900000,0x000000e34fa00000)]
  0x0000025f06c84800 JavaThread "Unconstrained build operations Thread 53" [_thread_blocked, id=25136, stack(0x000000e34fa00000,0x000000e34fb00000)]
  0x0000025f06c85000 JavaThread "Unconstrained build operations Thread 54" [_thread_blocked, id=3016, stack(0x000000e34fb00000,0x000000e34fc00000)]
  0x0000025f06c86000 JavaThread "Unconstrained build operations Thread 55" [_thread_blocked, id=1756, stack(0x000000e34fc00000,0x000000e34fd00000)]
  0x0000025f06c83800 JavaThread "Unconstrained build operations Thread 56" [_thread_blocked, id=19044, stack(0x000000e34fd00000,0x000000e34fe00000)]
  0x0000025f06c83000 JavaThread "Unconstrained build operations Thread 57" [_thread_blocked, id=7500, stack(0x000000e34fe00000,0x000000e34ff00000)]
  0x0000025f06c88800 JavaThread "Unconstrained build operations Thread 58" [_thread_blocked, id=6248, stack(0x000000e34ff00000,0x000000e350000000)]
  0x0000025f06c8c800 JavaThread "Unconstrained build operations Thread 59" [_thread_blocked, id=6760, stack(0x000000e350000000,0x000000e350100000)]
  0x0000025f06c87000 JavaThread "Unconstrained build operations Thread 60" [_thread_blocked, id=21732, stack(0x000000e350100000,0x000000e350200000)]
  0x0000025f06c87800 JavaThread "Unconstrained build operations Thread 61" [_thread_blocked, id=10952, stack(0x000000e350200000,0x000000e350300000)]
  0x0000025f06c8c000 JavaThread "Unconstrained build operations Thread 62" [_thread_blocked, id=19104, stack(0x000000e350300000,0x000000e350400000)]
  0x0000025f06c8b000 JavaThread "Unconstrained build operations Thread 63" [_thread_blocked, id=12880, stack(0x000000e350400000,0x000000e350500000)]
  0x0000025f06c8f000 JavaThread "Unconstrained build operations Thread 64" [_thread_blocked, id=16652, stack(0x000000e350500000,0x000000e350600000)]
  0x0000025f06c8d800 JavaThread "Unconstrained build operations Thread 65" [_thread_blocked, id=10440, stack(0x000000e350600000,0x000000e350700000)]
  0x0000025f06c8e000 JavaThread "Unconstrained build operations Thread 66" [_thread_blocked, id=26616, stack(0x000000e350700000,0x000000e350800000)]
  0x0000025f06c89800 JavaThread "Unconstrained build operations Thread 67" [_thread_blocked, id=22796, stack(0x000000e350800000,0x000000e350900000)]
  0x0000025f06c90000 JavaThread "Unconstrained build operations Thread 68" [_thread_blocked, id=19452, stack(0x000000e350900000,0x000000e350a00000)]
  0x0000025f06c8a000 JavaThread "Unconstrained build operations Thread 69" [_thread_blocked, id=14372, stack(0x000000e350a00000,0x000000e350b00000)]
  0x0000025f06c90800 JavaThread "Unconstrained build operations Thread 70" [_thread_blocked, id=6712, stack(0x000000e350b00000,0x000000e350c00000)]
  0x0000025f084ca800 JavaThread "Unconstrained build operations Thread 71" [_thread_blocked, id=24712, stack(0x000000e350c00000,0x000000e350d00000)]
  0x0000025f084c8800 JavaThread "Unconstrained build operations Thread 72" [_thread_blocked, id=11740, stack(0x000000e350d00000,0x000000e350e00000)]
  0x0000025f084c6800 JavaThread "Unconstrained build operations Thread 73" [_thread_blocked, id=19476, stack(0x000000e350e00000,0x000000e350f00000)]
  0x0000025f084c7000 JavaThread "Unconstrained build operations Thread 74" [_thread_blocked, id=24340, stack(0x000000e350f00000,0x000000e351000000)]
  0x0000025f084c8000 JavaThread "Unconstrained build operations Thread 75" [_thread_blocked, id=24916, stack(0x000000e351000000,0x000000e351100000)]
  0x0000025f084c9800 JavaThread "Unconstrained build operations Thread 76" [_thread_blocked, id=22776, stack(0x000000e351100000,0x000000e351200000)]
  0x0000025f084c4800 JavaThread "Unconstrained build operations Thread 77" [_thread_blocked, id=6884, stack(0x000000e351200000,0x000000e351300000)]
  0x0000025f084cb000 JavaThread "Unconstrained build operations Thread 78" [_thread_blocked, id=2328, stack(0x000000e351300000,0x000000e351400000)]
  0x0000025f084c5800 JavaThread "Unconstrained build operations Thread 79" [_thread_blocked, id=22532, stack(0x000000e351400000,0x000000e351500000)]
  0x0000025f084ce800 JavaThread "Unconstrained build operations Thread 80" [_thread_blocked, id=10344, stack(0x000000e351500000,0x000000e351600000)]
  0x0000025f084d0000 JavaThread "build event listener" [_thread_blocked, id=11088, stack(0x000000e351600000,0x000000e351700000)]
  0x0000025f084cf800 JavaThread "included builds" [_thread_blocked, id=14808, stack(0x000000e351700000,0x000000e351800000)]
  0x0000025f084d1000 JavaThread "Execution worker for ':'" [_thread_blocked, id=7176, stack(0x000000e351800000,0x000000e351900000)]
  0x0000025f084d1800 JavaThread "Execution worker for ':' Thread 2" [_thread_blocked, id=16352, stack(0x000000e351900000,0x000000e351a00000)]
  0x0000025f084cc000 JavaThread "Execution worker for ':' Thread 3" [_thread_blocked, id=11192, stack(0x000000e351a00000,0x000000e351b00000)]
  0x0000025f084d2800 JavaThread "Execution worker for ':' Thread 4" [_thread_blocked, id=8936, stack(0x000000e351b00000,0x000000e351c00000)]
  0x0000025f084cd000 JavaThread "Execution worker for ':' Thread 5" [_thread_blocked, id=18376, stack(0x000000e351c00000,0x000000e351d00000)]
  0x0000025f084d3800 JavaThread "Execution worker for ':' Thread 6" [_thread_blocked, id=16816, stack(0x000000e351d00000,0x000000e351e00000)]
  0x0000025f084cd800 JavaThread "Execution worker for ':' Thread 7" [_thread_blocked, id=15848, stack(0x000000e351e00000,0x000000e351f00000)]
  0x0000025f12188800 JavaThread "Cache worker for execution history cache (D:\TaiLieuHocTap\OutsideSource\Android\LearnMaterial\MidtermDemo\.gradle\7.4\executionHistory)" [_thread_blocked, id=15880, stack(0x000000e351f00000,0x000000e352000000)]
  0x0000025f1218d800 JavaThread "WorkerExecutor Queue" [_thread_blocked, id=21716, stack(0x000000e352000000,0x000000e352100000)]

Other Threads:
  0x0000025f00952800 VMThread "VM Thread" [stack: 0x000000e349500000,0x000000e349600000] [id=21780]
  0x0000025f0146e000 WatcherThread [stack: 0x000000e349f00000,0x000000e34a000000] [id=9452]
  0x0000025f6647a000 GCTaskThread "GC Thread#0" [stack: 0x000000e349000000,0x000000e349100000] [id=18748]
  0x0000025f01f7e000 GCTaskThread "GC Thread#1" [stack: 0x000000e34a100000,0x000000e34a200000] [id=13284]
  0x0000025f01f7b800 GCTaskThread "GC Thread#2" [stack: 0x000000e34a200000,0x000000e34a300000] [id=24196]
  0x0000025f01f7c800 GCTaskThread "GC Thread#3" [stack: 0x000000e34ad00000,0x000000e34ae00000] [id=20896]
  0x0000025f01f7d000 GCTaskThread "GC Thread#4" [stack: 0x000000e34ae00000,0x000000e34af00000] [id=3308]
  0x0000025f01f7e800 GCTaskThread "GC Thread#5" [stack: 0x000000e34af00000,0x000000e34b000000] [id=14584]
  0x0000025f01f78000 GCTaskThread "GC Thread#6" [stack: 0x000000e34b000000,0x000000e34b100000] [id=25152]
  0x0000025f01f7f800 GCTaskThread "GC Thread#7" [stack: 0x000000e34b100000,0x000000e34b200000] [id=18764]
  0x0000025f664ac000 ConcurrentGCThread "G1 Main Marker" [stack: 0x000000e349100000,0x000000e349200000] [id=22940]
  0x0000025f664af000 ConcurrentGCThread "G1 Conc#0" [stack: 0x000000e349200000,0x000000e349300000] [id=22004]
  0x0000025f01f79000 ConcurrentGCThread "G1 Conc#1" [stack: 0x000000e34b400000,0x000000e34b500000] [id=18188]
  0x0000025f6652e000 ConcurrentGCThread "G1 Refine#0" [stack: 0x000000e349300000,0x000000e349400000] [id=13084]
  0x0000025f067a1000 ConcurrentGCThread "G1 Refine#1" [stack: 0x000000e34ac00000,0x000000e34ad00000] [id=17964]
  0x0000025f007a8800 ConcurrentGCThread "G1 Young RemSet Sampling" [stack: 0x000000e349400000,0x000000e349500000] [id=11100]

Threads with active compile tasks:
C2 CompilerThread04540629 21221       4       org.apache.xerces.impl.XMLNSDocumentScannerImpl::scanStartElement (873 bytes)

VM state:at safepoint (normal execution)

VM Mutex/Monitor currently owned by a thread:  ([mutex/lock_event])
[0x0000025f6645c190] Threads_lock - owner thread: 0x0000025f00952800
[0x0000025f6645b410] Heap_lock - owner thread: 0x0000025f084cd000

Heap address: 0x0000000080000000, size: 2048 MB, Compressed Oops mode: 32-bit
Narrow klass base: 0x0000000000000000, Narrow klass shift: 3
Compressed class space size: 1073741824 Address: 0x0000000100000000

Heap:
 garbage-first heap   total 271360K, used 246479K [0x0000000080000000, 0x0000000100000000)
  region size 1024K, 14 young (14336K), 2 survivors (2048K)
 Metaspace       used 151834K, capacity 156157K, committed 156208K, reserved 1185792K
  class space    used 19275K, capacity 20839K, committed 20864K, reserved 1048576K
Heap Regions: E=young(eden), S=young(survivor), O=old, HS=humongous(starts), HC=humongous(continues), CS=collection set, F=free, A=archive, TAMS=top-at-mark-start (previous, next)
|   0|0x0000000080000000, 0x0000000080100000, 0x0000000080100000|100%| O|  |TAMS 0x0000000080100000, 0x0000000080000000| Untracked 
|   1|0x0000000080100000, 0x0000000080200000, 0x0000000080200000|100%| O|  |TAMS 0x0000000080200000, 0x0000000080100000| Untracked 
|   2|0x0000000080200000, 0x0000000080300000, 0x0000000080300000|100%| O|  |TAMS 0x0000000080300000, 0x0000000080200000| Untracked 
|   3|0x0000000080300000, 0x0000000080400000, 0x0000000080400000|100%|HS|  |TAMS 0x0000000080400000, 0x0000000080300000| Complete 
|   4|0x0000000080400000, 0x0000000080500000, 0x0000000080500000|100%|HC|  |TAMS 0x0000000080500000, 0x0000000080400000| Complete 
|   5|0x0000000080500000, 0x0000000080600000, 0x0000000080600000|100%|HC|  |TAMS 0x0000000080600000, 0x0000000080500000| Complete 
|   6|0x0000000080600000, 0x0000000080700000, 0x0000000080700000|100%| O|  |TAMS 0x0000000080700000, 0x0000000080600000| Untracked 
|   7|0x0000000080700000, 0x0000000080800000, 0x0000000080800000|100%| O|  |TAMS 0x0000000080800000, 0x0000000080700000| Untracked 
|   8|0x0000000080800000, 0x0000000080900000, 0x0000000080900000|100%| O|  |TAMS 0x0000000080900000, 0x0000000080800000| Untracked 
|   9|0x0000000080900000, 0x0000000080a00000, 0x0000000080a00000|100%| O|  |TAMS 0x0000000080a00000, 0x0000000080900000| Untracked 
|  10|0x0000000080a00000, 0x0000000080b00000, 0x0000000080b00000|100%| O|  |TAMS 0x0000000080b00000, 0x0000000080a00000| Untracked 
|  11|0x0000000080b00000, 0x0000000080c00000, 0x0000000080c00000|100%| O|  |TAMS 0x0000000080c00000, 0x0000000080b00000| Untracked 
|  12|0x0000000080c00000, 0x0000000080d00000, 0x0000000080d00000|100%| O|  |TAMS 0x0000000080d00000, 0x0000000080c00000| Untracked 
|  13|0x0000000080d00000, 0x0000000080e00000, 0x0000000080e00000|100%| O|  |TAMS 0x0000000080e00000, 0x0000000080d00000| Untracked 
|  14|0x0000000080e00000, 0x0000000080f00000, 0x0000000080f00000|100%| O|  |TAMS 0x0000000080f00000, 0x0000000080e00000| Untracked 
|  15|0x0000000080f00000, 0x0000000081000000, 0x0000000081000000|100%| O|  |TAMS 0x0000000081000000, 0x0000000080f00000| Untracked 
|  16|0x0000000081000000, 0x0000000081100000, 0x0000000081100000|100%|HS|  |TAMS 0x0000000081100000, 0x0000000081000000| Complete 
|  17|0x0000000081100000, 0x0000000081200000, 0x0000000081200000|100%|HC|  |TAMS 0x0000000081200000, 0x0000000081100000| Complete 
|  18|0x0000000081200000, 0x0000000081300000, 0x0000000081300000|100%|HS|  |TAMS 0x0000000081300000, 0x0000000081200000| Complete 
|  19|0x0000000081300000, 0x0000000081400000, 0x0000000081400000|100%|HC|  |TAMS 0x0000000081400000, 0x0000000081300000| Complete 
|  20|0x0000000081400000, 0x0000000081500000, 0x0000000081500000|100%|HC|  |TAMS 0x0000000081500000, 0x0000000081400000| Complete 
|  21|0x0000000081500000, 0x0000000081600000, 0x0000000081600000|100%|HS|  |TAMS 0x0000000081600000, 0x0000000081500000| Complete 
|  22|0x0000000081600000, 0x0000000081700000, 0x0000000081700000|100%|HC|  |TAMS 0x0000000081700000, 0x0000000081600000| Complete 
|  23|0x0000000081700000, 0x0000000081800000, 0x0000000081800000|100%|HC|  |TAMS 0x0000000081800000, 0x0000000081700000| Complete 
|  24|0x0000000081800000, 0x0000000081900000, 0x0000000081900000|100%|HS|  |TAMS 0x0000000081900000, 0x0000000081800000| Complete 
|  25|0x0000000081900000, 0x0000000081a00000, 0x0000000081a00000|100%|HC|  |TAMS 0x0000000081a00000, 0x0000000081900000| Complete 
|  26|0x0000000081a00000, 0x0000000081b00000, 0x0000000081b00000|100%|HC|  |TAMS 0x0000000081b00000, 0x0000000081a00000| Complete 
|  27|0x0000000081b00000, 0x0000000081c00000, 0x0000000081c00000|100%|HC|  |TAMS 0x0000000081c00000, 0x0000000081b00000| Complete 
|  28|0x0000000081c00000, 0x0000000081d00000, 0x0000000081d00000|100%|HS|  |TAMS 0x0000000081d00000, 0x0000000081c00000| Complete 
|  29|0x0000000081d00000, 0x0000000081e00000, 0x0000000081e00000|100%|HC|  |TAMS 0x0000000081e00000, 0x0000000081d00000| Complete 
|  30|0x0000000081e00000, 0x0000000081f00000, 0x0000000081f00000|100%|HC|  |TAMS 0x0000000081f00000, 0x0000000081e00000| Complete 
|  31|0x0000000081f00000, 0x0000000082000000, 0x0000000082000000|100%|HC|  |TAMS 0x0000000082000000, 0x0000000081f00000| Complete 
|  32|0x0000000082000000, 0x0000000082100000, 0x0000000082100000|100%|HC|  |TAMS 0x0000000082100000, 0x0000000082000000| Complete 
|  33|0x0000000082100000, 0x0000000082200000, 0x0000000082200000|100%|HS|  |TAMS 0x0000000082200000, 0x0000000082100000| Complete 
|  34|0x0000000082200000, 0x0000000082300000, 0x0000000082300000|100%| O|  |TAMS 0x0000000082300000, 0x0000000082200000| Untracked 
|  35|0x0000000082300000, 0x0000000082400000, 0x0000000082400000|100%| O|  |TAMS 0x0000000082400000, 0x0000000082300000| Untracked 
|  36|0x0000000082400000, 0x0000000082500000, 0x0000000082500000|100%| O|  |TAMS 0x0000000082500000, 0x0000000082400000| Untracked 
|  37|0x0000000082500000, 0x0000000082600000, 0x0000000082600000|100%| O|  |TAMS 0x0000000082600000, 0x0000000082500000| Untracked 
|  38|0x0000000082600000, 0x0000000082700000, 0x0000000082700000|100%| O|  |TAMS 0x0000000082700000, 0x0000000082600000| Untracked 
|  39|0x0000000082700000, 0x0000000082800000, 0x0000000082800000|100%| O|  |TAMS 0x0000000082700000, 0x0000000082700000| Untracked 
|  40|0x0000000082800000, 0x0000000082900000, 0x0000000082900000|100%| O|  |TAMS 0x0000000082900000, 0x0000000082800000| Untracked 
|  41|0x0000000082900000, 0x0000000082a00000, 0x0000000082a00000|100%| O|  |TAMS 0x0000000082a00000, 0x0000000082900000| Untracked 
|  42|0x0000000082a00000, 0x0000000082b00000, 0x0000000082b00000|100%| O|  |TAMS 0x0000000082b00000, 0x0000000082a00000| Untracked 
|  43|0x0000000082b00000, 0x0000000082c00000, 0x0000000082c00000|100%| O|  |TAMS 0x0000000082c00000, 0x0000000082b00000| Untracked 
|  44|0x0000000082c00000, 0x0000000082d00000, 0x0000000082d00000|100%|HS|  |TAMS 0x0000000082d00000, 0x0000000082c00000| Complete 
|  45|0x0000000082d00000, 0x0000000082e00000, 0x0000000082e00000|100%|HC|  |TAMS 0x0000000082e00000, 0x0000000082d00000| Complete 
|  46|0x0000000082e00000, 0x0000000082f00000, 0x0000000082f00000|100%|HC|  |TAMS 0x0000000082f00000, 0x0000000082e00000| Complete 
|  47|0x0000000082f00000, 0x0000000083000000, 0x0000000083000000|100%| O|  |TAMS 0x0000000083000000, 0x0000000082f00000| Untracked 
|  48|0x0000000083000000, 0x0000000083100000, 0x0000000083100000|100%| O|  |TAMS 0x0000000083100000, 0x0000000083000000| Untracked 
|  49|0x0000000083100000, 0x0000000083200000, 0x0000000083200000|100%| O|  |TAMS 0x0000000083200000, 0x0000000083100000| Untracked 
|  50|0x0000000083200000, 0x0000000083300000, 0x0000000083300000|100%| O|  |TAMS 0x0000000083300000, 0x0000000083200000| Untracked 
|  51|0x0000000083300000, 0x0000000083400000, 0x0000000083400000|100%| O|  |TAMS 0x0000000083400000, 0x0000000083300000| Untracked 
|  52|0x0000000083400000, 0x0000000083500000, 0x0000000083500000|100%|HS|  |TAMS 0x0000000083500000, 0x0000000083400000| Complete 
|  53|0x0000000083500000, 0x0000000083600000, 0x0000000083600000|100%|HC|  |TAMS 0x0000000083600000, 0x0000000083500000| Complete 
|  54|0x0000000083600000, 0x0000000083700000, 0x0000000083700000|100%|HC|  |TAMS 0x0000000083700000, 0x0000000083600000| Complete 
|  55|0x0000000083700000, 0x0000000083800000, 0x0000000083800000|100%|HC|  |TAMS 0x0000000083800000, 0x0000000083700000| Complete 
|  56|0x0000000083800000, 0x0000000083900000, 0x0000000083900000|100%|HS|  |TAMS 0x0000000083900000, 0x0000000083800000| Complete 
|  57|0x0000000083900000, 0x0000000083a00000, 0x0000000083a00000|100%|HC|  |TAMS 0x0000000083a00000, 0x0000000083900000| Complete 
|  58|0x0000000083a00000, 0x0000000083b00000, 0x0000000083b00000|100%|HS|  |TAMS 0x0000000083b00000, 0x0000000083a00000| Complete 
|  59|0x0000000083b00000, 0x0000000083c00000, 0x0000000083c00000|100%|HC|  |TAMS 0x0000000083c00000, 0x0000000083b00000| Complete 
|  60|0x0000000083c00000, 0x0000000083d00000, 0x0000000083d00000|100%|HC|  |TAMS 0x0000000083d00000, 0x0000000083c00000| Complete 
|  61|0x0000000083d00000, 0x0000000083e00000, 0x0000000083e00000|100%| O|  |TAMS 0x0000000083e00000, 0x0000000083d00000| Untracked 
|  62|0x0000000083e00000, 0x0000000083f00000, 0x0000000083f00000|100%| O|  |TAMS 0x0000000083f00000, 0x0000000083e00000| Untracked 
|  63|0x0000000083f00000, 0x0000000084000000, 0x0000000084000000|100%| O|  |TAMS 0x0000000084000000, 0x0000000083f00000| Untracked 
|  64|0x0000000084000000, 0x0000000084100000, 0x0000000084100000|100%| O|  |TAMS 0x0000000084000000, 0x0000000084000000| Untracked 
|  65|0x0000000084100000, 0x0000000084200000, 0x0000000084200000|100%| O|  |TAMS 0x0000000084100000, 0x0000000084100000| Untracked 
|  66|0x0000000084200000, 0x0000000084300000, 0x0000000084300000|100%| O|  |TAMS 0x0000000084300000, 0x0000000084200000| Untracked 
|  67|0x0000000084300000, 0x0000000084400000, 0x0000000084400000|100%| O|  |TAMS 0x0000000084400000, 0x0000000084300000| Untracked 
|  68|0x0000000084400000, 0x0000000084500000, 0x0000000084500000|100%| O|  |TAMS 0x0000000084500000, 0x0000000084400000| Untracked 
|  69|0x0000000084500000, 0x0000000084600000, 0x0000000084600000|100%| O|  |TAMS 0x0000000084600000, 0x0000000084500000| Untracked 
|  70|0x0000000084600000, 0x0000000084700000, 0x0000000084700000|100%|HS|  |TAMS 0x0000000084700000, 0x0000000084600000| Complete 
|  71|0x0000000084700000, 0x0000000084800000, 0x0000000084800000|100%|HC|  |TAMS 0x0000000084800000, 0x0000000084700000| Complete 
|  72|0x0000000084800000, 0x0000000084900000, 0x0000000084900000|100%|HC|  |TAMS 0x0000000084900000, 0x0000000084800000| Complete 
|  73|0x0000000084900000, 0x0000000084a00000, 0x0000000084a00000|100%|HC|  |TAMS 0x0000000084a00000, 0x0000000084900000| Complete 
|  74|0x0000000084a00000, 0x0000000084b00000, 0x0000000084b00000|100%|HC|  |TAMS 0x0000000084b00000, 0x0000000084a00000| Complete 
|  75|0x0000000084b00000, 0x0000000084c00000, 0x0000000084c00000|100%| O|  |TAMS 0x0000000084c00000, 0x0000000084b00000| Untracked 
|  76|0x0000000084c00000, 0x0000000084d00000, 0x0000000084d00000|100%| O|  |TAMS 0x0000000084d00000, 0x0000000084c00000| Untracked 
|  77|0x0000000084d00000, 0x0000000084e00000, 0x0000000084e00000|100%| O|  |TAMS 0x0000000084e00000, 0x0000000084d00000| Untracked 
|  78|0x0000000084e00000, 0x0000000084f00000, 0x0000000084f00000|100%| O|  |TAMS 0x0000000084f00000, 0x0000000084e00000| Untracked 
|  79|0x0000000084f00000, 0x0000000085000000, 0x0000000085000000|100%| O|  |TAMS 0x0000000085000000, 0x0000000084f00000| Untracked 
|  80|0x0000000085000000, 0x0000000085100000, 0x0000000085100000|100%| O|  |TAMS 0x0000000085100000, 0x0000000085000000| Untracked 
|  81|0x0000000085100000, 0x0000000085200000, 0x0000000085200000|100%| O|  |TAMS 0x0000000085200000, 0x0000000085100000| Untracked 
|  82|0x0000000085200000, 0x0000000085300000, 0x0000000085300000|100%| O|  |TAMS 0x0000000085300000, 0x0000000085200000| Untracked 
|  83|0x0000000085300000, 0x0000000085400000, 0x0000000085400000|100%|HS|  |TAMS 0x0000000085400000, 0x0000000085300000| Complete 
|  84|0x0000000085400000, 0x0000000085500000, 0x0000000085500000|100%|HS|  |TAMS 0x0000000085500000, 0x0000000085400000| Complete 
|  85|0x0000000085500000, 0x0000000085600000, 0x0000000085600000|100%|HS|  |TAMS 0x0000000085600000, 0x0000000085500000| Complete 
|  86|0x0000000085600000, 0x0000000085700000, 0x0000000085700000|100%|HS|  |TAMS 0x0000000085700000, 0x0000000085600000| Complete 
|  87|0x0000000085700000, 0x0000000085800000, 0x0000000085800000|100%|HC|  |TAMS 0x0000000085800000, 0x0000000085700000| Complete 
|  88|0x0000000085800000, 0x0000000085900000, 0x0000000085900000|100%|HC|  |TAMS 0x0000000085900000, 0x0000000085800000| Complete 
|  89|0x0000000085900000, 0x0000000085a00000, 0x0000000085a00000|100%|HC|  |TAMS 0x0000000085a00000, 0x0000000085900000| Complete 
|  90|0x0000000085a00000, 0x0000000085b00000, 0x0000000085b00000|100%| O|  |TAMS 0x0000000085b00000, 0x0000000085a00000| Untracked 
|  91|0x0000000085b00000, 0x0000000085c00000, 0x0000000085c00000|100%| O|  |TAMS 0x0000000085b00000, 0x0000000085b00000| Untracked 
|  92|0x0000000085c00000, 0x0000000085d00000, 0x0000000085d00000|100%| O|  |TAMS 0x0000000085d00000, 0x0000000085c00000| Untracked 
|  93|0x0000000085d00000, 0x0000000085e00000, 0x0000000085e00000|100%| O|  |TAMS 0x0000000085e00000, 0x0000000085d00000| Untracked 
|  94|0x0000000085e00000, 0x0000000085f00000, 0x0000000085f00000|100%| O|  |TAMS 0x0000000085f00000, 0x0000000085e00000| Untracked 
|  95|0x0000000085f00000, 0x0000000086000000, 0x0000000086000000|100%| O|  |TAMS 0x0000000086000000, 0x0000000085f00000| Untracked 
|  96|0x0000000086000000, 0x0000000086100000, 0x0000000086100000|100%| O|  |TAMS 0x0000000086100000, 0x0000000086000000| Untracked 
|  97|0x0000000086100000, 0x0000000086200000, 0x0000000086200000|100%|HS|  |TAMS 0x0000000086200000, 0x0000000086100000| Complete 
|  98|0x0000000086200000, 0x0000000086300000, 0x0000000086300000|100%|HC|  |TAMS 0x0000000086300000, 0x0000000086200000| Complete 
|  99|0x0000000086300000, 0x0000000086400000, 0x0000000086400000|100%| O|  |TAMS 0x0000000086400000, 0x0000000086300000| Untracked 
| 100|0x0000000086400000, 0x0000000086500000, 0x0000000086500000|100%| O|  |TAMS 0x0000000086500000, 0x0000000086400000| Untracked 
| 101|0x0000000086500000, 0x0000000086600000, 0x0000000086600000|100%| O|  |TAMS 0x0000000086600000, 0x0000000086500000| Untracked 
| 102|0x0000000086600000, 0x0000000086700000, 0x0000000086700000|100%| O|  |TAMS 0x0000000086700000, 0x0000000086600000| Untracked 
| 103|0x0000000086700000, 0x0000000086800000, 0x0000000086800000|100%| O|  |TAMS 0x0000000086800000, 0x0000000086700000| Untracked 
| 104|0x0000000086800000, 0x0000000086900000, 0x0000000086900000|100%| O|  |TAMS 0x0000000086900000, 0x0000000086800000| Untracked 
| 105|0x0000000086900000, 0x0000000086a00000, 0x0000000086a00000|100%| O|  |TAMS 0x0000000086a00000, 0x0000000086900000| Untracked 
| 106|0x0000000086a00000, 0x0000000086b00000, 0x0000000086b00000|100%| O|  |TAMS 0x0000000086b00000, 0x0000000086a00000| Untracked 
| 107|0x0000000086b00000, 0x0000000086c00000, 0x0000000086c00000|100%| O|  |TAMS 0x0000000086c00000, 0x0000000086b00000| Untracked 
| 108|0x0000000086c00000, 0x0000000086d00000, 0x0000000086d00000|100%| O|  |TAMS 0x0000000086d00000, 0x0000000086c00000| Untracked 
| 109|0x0000000086d00000, 0x0000000086e00000, 0x0000000086e00000|100%| O|  |TAMS 0x0000000086e00000, 0x0000000086d00000| Untracked 
| 110|0x0000000086e00000, 0x0000000086f00000, 0x0000000086f00000|100%| O|  |TAMS 0x0000000086f00000, 0x0000000086e00000| Untracked 
| 111|0x0000000086f00000, 0x0000000087000000, 0x0000000087000000|100%| O|  |TAMS 0x0000000087000000, 0x0000000086f00000| Untracked 
| 112|0x0000000087000000, 0x0000000087100000, 0x0000000087100000|100%| O|  |TAMS 0x0000000087100000, 0x0000000087000000| Untracked 
| 113|0x0000000087100000, 0x0000000087200000, 0x0000000087200000|100%| O|  |TAMS 0x0000000087200000, 0x0000000087100000| Untracked 
| 114|0x0000000087200000, 0x0000000087300000, 0x0000000087300000|100%| O|  |TAMS 0x0000000087300000, 0x0000000087200000| Untracked 
| 115|0x0000000087300000, 0x0000000087400000, 0x0000000087400000|100%| O|  |TAMS 0x0000000087400000, 0x0000000087300000| Untracked 
| 116|0x0000000087400000, 0x0000000087500000, 0x0000000087500000|100%|HS|  |TAMS 0x0000000087500000, 0x0000000087400000| Complete 
| 117|0x0000000087500000, 0x0000000087600000, 0x0000000087600000|100%|HC|  |TAMS 0x0000000087600000, 0x0000000087500000| Complete 
| 118|0x0000000087600000, 0x0000000087700000, 0x0000000087700000|100%|HS|  |TAMS 0x0000000087700000, 0x0000000087600000| Complete 
| 119|0x0000000087700000, 0x0000000087800000, 0x0000000087800000|100%|HC|  |TAMS 0x0000000087800000, 0x0000000087700000| Complete 
| 120|0x0000000087800000, 0x0000000087900000, 0x0000000087900000|100%|HC|  |TAMS 0x0000000087900000, 0x0000000087800000| Complete 
| 121|0x0000000087900000, 0x0000000087a00000, 0x0000000087a00000|100%|HS|  |TAMS 0x0000000087a00000, 0x0000000087900000| Complete 
| 122|0x0000000087a00000, 0x0000000087b00000, 0x0000000087b00000|100%|HC|  |TAMS 0x0000000087b00000, 0x0000000087a00000| Complete 
| 123|0x0000000087b00000, 0x0000000087c00000, 0x0000000087c00000|100%|HC|  |TAMS 0x0000000087c00000, 0x0000000087b00000| Complete 
| 124|0x0000000087c00000, 0x0000000087d00000, 0x0000000087d00000|100%| O|  |TAMS 0x0000000087c00000, 0x0000000087c00000| Untracked 
| 125|0x0000000087d00000, 0x0000000087e00000, 0x0000000087e00000|100%|HS|  |TAMS 0x0000000087e00000, 0x0000000087d00000| Complete 
| 126|0x0000000087e00000, 0x0000000087f00000, 0x0000000087f00000|100%|HC|  |TAMS 0x0000000087f00000, 0x0000000087e00000| Complete 
| 127|0x0000000087f00000, 0x0000000088000000, 0x0000000088000000|100%|HC|  |TAMS 0x0000000088000000, 0x0000000087f00000| Complete 
| 128|0x0000000088000000, 0x0000000088100000, 0x0000000088100000|100%|HC|  |TAMS 0x0000000088100000, 0x0000000088000000| Complete 
| 129|0x0000000088100000, 0x0000000088200000, 0x0000000088200000|100%| O|  |TAMS 0x0000000088200000, 0x0000000088100000| Untracked 
| 130|0x0000000088200000, 0x0000000088300000, 0x0000000088300000|100%| O|  |TAMS 0x0000000088300000, 0x0000000088200000| Untracked 
| 131|0x0000000088300000, 0x0000000088400000, 0x0000000088400000|100%|HS|  |TAMS 0x0000000088400000, 0x0000000088300000| Complete 
| 132|0x0000000088400000, 0x0000000088500000, 0x0000000088500000|100%|HC|  |TAMS 0x0000000088500000, 0x0000000088400000| Complete 
| 133|0x0000000088500000, 0x0000000088600000, 0x0000000088600000|100%|HC|  |TAMS 0x0000000088600000, 0x0000000088500000| Complete 
| 134|0x0000000088600000, 0x0000000088700000, 0x0000000088700000|100%|HC|  |TAMS 0x0000000088700000, 0x0000000088600000| Complete 
| 135|0x0000000088700000, 0x0000000088800000, 0x0000000088800000|100%|HC|  |TAMS 0x0000000088800000, 0x0000000088700000| Complete 
| 136|0x0000000088800000, 0x0000000088900000, 0x0000000088900000|100%|HS|  |TAMS 0x0000000088900000, 0x0000000088800000| Complete 
| 137|0x0000000088900000, 0x0000000088a00000, 0x0000000088a00000|100%| O|  |TAMS 0x0000000088900000, 0x0000000088900000| Untracked 
| 138|0x0000000088a00000, 0x0000000088b00000, 0x0000000088b00000|100%| O|  |TAMS 0x0000000088b00000, 0x0000000088a00000| Untracked 
| 139|0x0000000088b00000, 0x0000000088c00000, 0x0000000088c00000|100%| O|  |TAMS 0x0000000088c00000, 0x0000000088b00000| Untracked 
| 140|0x0000000088c00000, 0x0000000088d00000, 0x0000000088d00000|100%| O|  |TAMS 0x0000000088d00000, 0x0000000088c00000| Untracked 
| 141|0x0000000088d00000, 0x0000000088e00000, 0x0000000088e00000|100%| O|  |TAMS 0x0000000088e00000, 0x0000000088d00000| Untracked 
| 142|0x0000000088e00000, 0x0000000088f00000, 0x0000000088f00000|100%| O|  |TAMS 0x0000000088f00000, 0x0000000088e00000| Untracked 
| 143|0x0000000088f00000, 0x0000000089000000, 0x0000000089000000|100%| O|  |TAMS 0x0000000089000000, 0x0000000088f00000| Untracked 
| 144|0x0000000089000000, 0x0000000089100000, 0x0000000089100000|100%| O|  |TAMS 0x0000000089100000, 0x0000000089000000| Untracked 
| 145|0x0000000089100000, 0x0000000089200000, 0x0000000089200000|100%| O|  |TAMS 0x0000000089200000, 0x0000000089100000| Untracked 
| 146|0x0000000089200000, 0x0000000089300000, 0x0000000089300000|100%| O|  |TAMS 0x0000000089300000, 0x0000000089200000| Untracked 
| 147|0x0000000089300000, 0x0000000089400000, 0x0000000089400000|100%| O|  |TAMS 0x0000000089300000, 0x0000000089300000| Untracked 
| 148|0x0000000089400000, 0x0000000089500000, 0x0000000089500000|100%| O|  |TAMS 0x0000000089400000, 0x0000000089400000| Untracked 
| 149|0x0000000089500000, 0x0000000089600000, 0x0000000089600000|100%| O|  |TAMS 0x0000000089600000, 0x0000000089500000| Untracked 
| 150|0x0000000089600000, 0x0000000089700000, 0x0000000089700000|100%| O|  |TAMS 0x0000000089700000, 0x0000000089600000| Untracked 
| 151|0x0000000089700000, 0x0000000089800000, 0x0000000089800000|100%| O|  |TAMS 0x0000000089800000, 0x0000000089700000| Untracked 
| 152|0x0000000089800000, 0x0000000089900000, 0x0000000089900000|100%| O|  |TAMS 0x0000000089800000, 0x0000000089800000| Untracked 
| 153|0x0000000089900000, 0x0000000089a00000, 0x0000000089a00000|100%| O|  |TAMS 0x0000000089900000, 0x0000000089900000| Untracked 
| 154|0x0000000089a00000, 0x0000000089b00000, 0x0000000089b00000|100%| O|  |TAMS 0x0000000089a00000, 0x0000000089a00000| Untracked 
| 155|0x0000000089b00000, 0x0000000089c00000, 0x0000000089c00000|100%| O|  |TAMS 0x0000000089b00000, 0x0000000089b00000| Untracked 
| 156|0x0000000089c00000, 0x0000000089d00000, 0x0000000089d00000|100%| O|  |TAMS 0x0000000089c00000, 0x0000000089c00000| Untracked 
| 157|0x0000000089d00000, 0x0000000089e00000, 0x0000000089e00000|100%| O|  |TAMS 0x0000000089d00000, 0x0000000089d00000| Untracked 
| 158|0x0000000089e00000, 0x0000000089f00000, 0x0000000089f00000|100%| O|  |TAMS 0x0000000089f00000, 0x0000000089e00000| Untracked 
| 159|0x0000000089f00000, 0x000000008a000000, 0x000000008a000000|100%| O|  |TAMS 0x0000000089f00000, 0x0000000089f00000| Untracked 
| 160|0x000000008a000000, 0x000000008a100000, 0x000000008a100000|100%| O|  |TAMS 0x000000008a000000, 0x000000008a000000| Untracked 
| 161|0x000000008a100000, 0x000000008a200000, 0x000000008a200000|100%| O|  |TAMS 0x000000008a100000, 0x000000008a100000| Untracked 
| 162|0x000000008a200000, 0x000000008a300000, 0x000000008a300000|100%| O|  |TAMS 0x000000008a300000, 0x000000008a200000| Untracked 
| 163|0x000000008a300000, 0x000000008a400000, 0x000000008a400000|100%| O|  |TAMS 0x000000008a400000, 0x000000008a300000| Untracked 
| 164|0x000000008a400000, 0x000000008a500000, 0x000000008a500000|100%| O|  |TAMS 0x000000008a500000, 0x000000008a400000| Untracked 
| 165|0x000000008a500000, 0x000000008a600000, 0x000000008a600000|100%| O|  |TAMS 0x000000008a600000, 0x000000008a500000| Untracked 
| 166|0x000000008a600000, 0x000000008a700000, 0x000000008a700000|100%| O|  |TAMS 0x000000008a600000, 0x000000008a600000| Untracked 
| 167|0x000000008a700000, 0x000000008a800000, 0x000000008a800000|100%| O|  |TAMS 0x000000008a700000, 0x000000008a700000| Untracked 
| 168|0x000000008a800000, 0x000000008a900000, 0x000000008a900000|100%| O|  |TAMS 0x000000008a800000, 0x000000008a800000| Untracked 
| 169|0x000000008a900000, 0x000000008aa00000, 0x000000008aa00000|100%| O|  |TAMS 0x000000008a900000, 0x000000008a900000| Untracked 
| 170|0x000000008aa00000, 0x000000008ab00000, 0x000000008ab00000|100%| O|  |TAMS 0x000000008ab00000, 0x000000008aa00000| Untracked 
| 171|0x000000008ab00000, 0x000000008ac00000, 0x000000008ac00000|100%| O|  |TAMS 0x000000008ab00000, 0x000000008ab00000| Untracked 
| 172|0x000000008ac00000, 0x000000008ad00000, 0x000000008ad00000|100%| O|  |TAMS 0x000000008ac00000, 0x000000008ac00000| Untracked 
| 173|0x000000008ad00000, 0x000000008ae00000, 0x000000008ae00000|100%| O|  |TAMS 0x000000008ae00000, 0x000000008ad00000| Untracked 
| 174|0x000000008ae00000, 0x000000008af00000, 0x000000008af00000|100%| O|  |TAMS 0x000000008ae00000, 0x000000008ae00000| Untracked 
| 175|0x000000008af00000, 0x000000008b000000, 0x000000008b000000|100%| O|  |TAMS 0x000000008af00000, 0x000000008af00000| Untracked 
| 176|0x000000008b000000, 0x000000008b100000, 0x000000008b100000|100%| O|  |TAMS 0x000000008b100000, 0x000000008b000000| Untracked 
| 177|0x000000008b100000, 0x000000008b200000, 0x000000008b200000|100%| O|  |TAMS 0x000000008b200000, 0x000000008b100000| Untracked 
| 178|0x000000008b200000, 0x000000008b300000, 0x000000008b300000|100%| O|  |TAMS 0x000000008b300000, 0x000000008b200000| Untracked 
| 179|0x000000008b300000, 0x000000008b400000, 0x000000008b400000|100%| O|  |TAMS 0x000000008b400000, 0x000000008b300000| Untracked 
| 180|0x000000008b400000, 0x000000008b500000, 0x000000008b500000|100%| O|  |TAMS 0x000000008b500000, 0x000000008b400000| Untracked 
| 181|0x000000008b500000, 0x000000008b600000, 0x000000008b600000|100%| O|  |TAMS 0x000000008b600000, 0x000000008b500000| Untracked 
| 182|0x000000008b600000, 0x000000008b700000, 0x000000008b700000|100%| O|  |TAMS 0x000000008b600000, 0x000000008b600000| Untracked 
| 183|0x000000008b700000, 0x000000008b800000, 0x000000008b800000|100%| O|  |TAMS 0x000000008b800000, 0x000000008b700000| Untracked 
| 184|0x000000008b800000, 0x000000008b900000, 0x000000008b900000|100%| O|  |TAMS 0x000000008b900000, 0x000000008b800000| Untracked 
| 185|0x000000008b900000, 0x000000008ba00000, 0x000000008ba00000|100%| O|  |TAMS 0x000000008b900000, 0x000000008b900000| Untracked 
| 186|0x000000008ba00000, 0x000000008bb00000, 0x000000008bb00000|100%| O|  |TAMS 0x000000008ba00000, 0x000000008ba00000| Untracked 
| 187|0x000000008bb00000, 0x000000008bc00000, 0x000000008bc00000|100%| O|  |TAMS 0x000000008bb00000, 0x000000008bb00000| Untracked 
| 188|0x000000008bc00000, 0x000000008bd00000, 0x000000008bd00000|100%| O|  |TAMS 0x000000008bc00000, 0x000000008bc00000| Untracked 
| 189|0x000000008bd00000, 0x000000008be00000, 0x000000008be00000|100%| O|  |TAMS 0x000000008bd00000, 0x000000008bd00000| Untracked 
| 190|0x000000008be00000, 0x000000008bf00000, 0x000000008bf00000|100%|HS|  |TAMS 0x000000008be00000, 0x000000008be00000| Complete 
| 191|0x000000008bf00000, 0x000000008c000000, 0x000000008c000000|100%| O|  |TAMS 0x000000008bf00000, 0x000000008bf00000| Untracked 
| 192|0x000000008c000000, 0x000000008c100000, 0x000000008c100000|100%|HS|  |TAMS 0x000000008c000000, 0x000000008c000000| Complete 
| 193|0x000000008c100000, 0x000000008c200000, 0x000000008c200000|100%| O|  |TAMS 0x000000008c100000, 0x000000008c100000| Untracked 
| 194|0x000000008c200000, 0x000000008c300000, 0x000000008c300000|100%| O|  |TAMS 0x000000008c200000, 0x000000008c200000| Untracked 
| 195|0x000000008c300000, 0x000000008c400000, 0x000000008c400000|100%| O|  |TAMS 0x000000008c300000, 0x000000008c300000| Untracked 
| 196|0x000000008c400000, 0x000000008c500000, 0x000000008c500000|100%| O|  |TAMS 0x000000008c400000, 0x000000008c400000| Untracked 
| 197|0x000000008c500000, 0x000000008c600000, 0x000000008c600000|100%| O|  |TAMS 0x000000008c500000, 0x000000008c500000| Untracked 
| 198|0x000000008c600000, 0x000000008c700000, 0x000000008c700000|100%| O|  |TAMS 0x000000008c600000, 0x000000008c600000| Untracked 
| 199|0x000000008c700000, 0x000000008c800000, 0x000000008c800000|100%| O|  |TAMS 0x000000008c700000, 0x000000008c700000| Untracked 
| 200|0x000000008c800000, 0x000000008c900000, 0x000000008c900000|100%| O|  |TAMS 0x000000008c800000, 0x000000008c800000| Untracked 
| 201|0x000000008c900000, 0x000000008ca00000, 0x000000008ca00000|100%| O|  |TAMS 0x000000008c900000, 0x000000008c900000| Untracked 
| 202|0x000000008ca00000, 0x000000008cb00000, 0x000000008cb00000|100%|HS|  |TAMS 0x000000008ca00000, 0x000000008ca00000| Complete 
| 203|0x000000008cb00000, 0x000000008cc00000, 0x000000008cc00000|100%|HC|  |TAMS 0x000000008cb00000, 0x000000008cb00000| Complete 
| 204|0x000000008cc00000, 0x000000008cd00000, 0x000000008cd00000|100%|HS|  |TAMS 0x000000008cc00000, 0x000000008cc00000| Complete 
| 205|0x000000008cd00000, 0x000000008ce00000, 0x000000008ce00000|100%|HS|  |TAMS 0x000000008cd00000, 0x000000008cd00000| Complete 
| 206|0x000000008ce00000, 0x000000008cf00000, 0x000000008cf00000|100%|HC|  |TAMS 0x000000008ce00000, 0x000000008ce00000| Complete 
| 207|0x000000008cf00000, 0x000000008d000000, 0x000000008d000000|100%|HS|  |TAMS 0x000000008cf00000, 0x000000008cf00000| Complete 
| 208|0x000000008d000000, 0x000000008d100000, 0x000000008d100000|100%|HC|  |TAMS 0x000000008d000000, 0x000000008d000000| Complete 
| 209|0x000000008d100000, 0x000000008d200000, 0x000000008d200000|100%| O|  |TAMS 0x000000008d100000, 0x000000008d100000| Untracked 
| 210|0x000000008d200000, 0x000000008d300000, 0x000000008d300000|100%| O|  |TAMS 0x000000008d200000, 0x000000008d200000| Untracked 
| 211|0x000000008d300000, 0x000000008d400000, 0x000000008d400000|100%| O|  |TAMS 0x000000008d300000, 0x000000008d300000| Untracked 
| 212|0x000000008d400000, 0x000000008d500000, 0x000000008d500000|100%| O|  |TAMS 0x000000008d400000, 0x000000008d400000| Untracked 
| 213|0x000000008d500000, 0x000000008d600000, 0x000000008d600000|100%| O|  |TAMS 0x000000008d500000, 0x000000008d500000| Untracked 
| 214|0x000000008d600000, 0x000000008d666ed0, 0x000000008d700000| 40%| O|  |TAMS 0x000000008d600000, 0x000000008d600000| Untracked 
| 215|0x000000008d700000, 0x000000008d700000, 0x000000008d800000|  0%| F|  |TAMS 0x000000008d700000, 0x000000008d700000| Untracked 
| 216|0x000000008d800000, 0x000000008d800000, 0x000000008d900000|  0%| F|  |TAMS 0x000000008d800000, 0x000000008d800000| Untracked 
| 217|0x000000008d900000, 0x000000008da00000, 0x000000008da00000|100%| O|  |TAMS 0x000000008da00000, 0x000000008d900000| Untracked 
| 218|0x000000008da00000, 0x000000008da00000, 0x000000008db00000|  0%| F|  |TAMS 0x000000008da00000, 0x000000008da00000| Untracked 
| 219|0x000000008db00000, 0x000000008db00000, 0x000000008dc00000|  0%| F|  |TAMS 0x000000008db00000, 0x000000008db00000| Untracked 
| 220|0x000000008dc00000, 0x000000008dc00000, 0x000000008dd00000|  0%| F|  |TAMS 0x000000008dc00000, 0x000000008dc00000| Untracked 
| 221|0x000000008dd00000, 0x000000008dd00000, 0x000000008de00000|  0%| F|  |TAMS 0x000000008dd00000, 0x000000008dd00000| Untracked 
| 222|0x000000008de00000, 0x000000008de00000, 0x000000008df00000|  0%| F|  |TAMS 0x000000008de00000, 0x000000008de00000| Untracked 
| 223|0x000000008df00000, 0x000000008e000000, 0x000000008e000000|100%| O|  |TAMS 0x000000008e000000, 0x000000008df00000| Untracked 
| 224|0x000000008e000000, 0x000000008e000000, 0x000000008e100000|  0%| F|  |TAMS 0x000000008e000000, 0x000000008e000000| Untracked 
| 225|0x000000008e100000, 0x000000008e200000, 0x000000008e200000|100%| O|  |TAMS 0x000000008e200000, 0x000000008e100000| Untracked 
| 226|0x000000008e200000, 0x000000008e300000, 0x000000008e300000|100%| O|  |TAMS 0x000000008e300000, 0x000000008e200000| Untracked 
| 227|0x000000008e300000, 0x000000008e400000, 0x000000008e400000|100%| O|  |TAMS 0x000000008e400000, 0x000000008e300000| Untracked 
| 228|0x000000008e400000, 0x000000008e500000, 0x000000008e500000|100%| O|  |TAMS 0x000000008e500000, 0x000000008e400000| Untracked 
| 229|0x000000008e500000, 0x000000008e600000, 0x000000008e600000|100%| O|  |TAMS 0x000000008e600000, 0x000000008e500000| Untracked 
| 230|0x000000008e600000, 0x000000008e600000, 0x000000008e700000|  0%| F|  |TAMS 0x000000008e600000, 0x000000008e600000| Untracked 
| 231|0x000000008e700000, 0x000000008e800000, 0x000000008e800000|100%| O|  |TAMS 0x000000008e700000, 0x000000008e700000| Untracked 
| 232|0x000000008e800000, 0x000000008e900000, 0x000000008e900000|100%| O|  |TAMS 0x000000008e800000, 0x000000008e800000| Untracked 
| 233|0x000000008e900000, 0x000000008ea00000, 0x000000008ea00000|100%| O|  |TAMS 0x000000008e900000, 0x000000008e900000| Untracked 
| 234|0x000000008ea00000, 0x000000008eb00000, 0x000000008eb00000|100%| O|  |TAMS 0x000000008ea00000, 0x000000008ea00000| Untracked 
| 235|0x000000008eb00000, 0x000000008ec00000, 0x000000008ec00000|100%| O|  |TAMS 0x000000008eb00000, 0x000000008eb00000| Untracked 
| 236|0x000000008ec00000, 0x000000008ed00000, 0x000000008ed00000|100%| O|  |TAMS 0x000000008ec00000, 0x000000008ec00000| Untracked 
| 237|0x000000008ed00000, 0x000000008ee00000, 0x000000008ee00000|100%| O|  |TAMS 0x000000008ed00000, 0x000000008ed00000| Untracked 
| 238|0x000000008ee00000, 0x000000008ef00000, 0x000000008ef00000|100%| O|  |TAMS 0x000000008ee00000, 0x000000008ee00000| Untracked 
| 239|0x000000008ef00000, 0x000000008f000000, 0x000000008f000000|100%| O|  |TAMS 0x000000008ef00000, 0x000000008ef00000| Untracked 
| 240|0x000000008f000000, 0x000000008f100000, 0x000000008f100000|100%| O|  |TAMS 0x000000008f000000, 0x000000008f000000| Untracked 
| 241|0x000000008f100000, 0x000000008f100000, 0x000000008f200000|  0%| F|  |TAMS 0x000000008f100000, 0x000000008f100000| Untracked 
| 242|0x000000008f200000, 0x000000008f200000, 0x000000008f300000|  0%| F|  |TAMS 0x000000008f200000, 0x000000008f200000| Untracked 
| 243|0x000000008f300000, 0x000000008f300000, 0x000000008f400000|  0%| F|  |TAMS 0x000000008f300000, 0x000000008f300000| Untracked 
| 244|0x000000008f400000, 0x000000008f400000, 0x000000008f500000|  0%| F|  |TAMS 0x000000008f400000, 0x000000008f400000| Untracked 
| 245|0x000000008f500000, 0x000000008f500000, 0x000000008f600000|  0%| F|  |TAMS 0x000000008f500000, 0x000000008f500000| Untracked 
| 246|0x000000008f600000, 0x000000008f600000, 0x000000008f700000|  0%| F|  |TAMS 0x000000008f600000, 0x000000008f600000| Untracked 
| 247|0x000000008f700000, 0x000000008f800000, 0x000000008f800000|100%| E|CS|TAMS 0x000000008f700000, 0x000000008f700000| Complete 
| 248|0x000000008f800000, 0x000000008f900000, 0x000000008f900000|100%| E|CS|TAMS 0x000000008f800000, 0x000000008f800000| Complete 
| 249|0x000000008f900000, 0x000000008fa00000, 0x000000008fa00000|100%| E|CS|TAMS 0x000000008f900000, 0x000000008f900000| Complete 
| 250|0x000000008fa00000, 0x000000008fa00000, 0x000000008fb00000|  0%| F|  |TAMS 0x000000008fa00000, 0x000000008fa00000| Untracked 
| 251|0x000000008fb00000, 0x000000008fc00000, 0x000000008fc00000|100%| S|  |TAMS 0x000000008fb00000, 0x000000008fb00000| Complete 
| 252|0x000000008fc00000, 0x000000008fd00000, 0x000000008fd00000|100%| S|  |TAMS 0x000000008fc00000, 0x000000008fc00000| Complete 
| 253|0x000000008fd00000, 0x000000008fe00000, 0x000000008fe00000|100%| E|CS|TAMS 0x000000008fd00000, 0x000000008fd00000| Complete 
| 254|0x000000008fe00000, 0x000000008ff00000, 0x000000008ff00000|100%| E|CS|TAMS 0x000000008fe00000, 0x000000008fe00000| Complete 
| 255|0x000000008ff00000, 0x0000000090000000, 0x0000000090000000|100%| E|CS|TAMS 0x000000008ff00000, 0x000000008ff00000| Complete 
| 256|0x0000000090000000, 0x0000000090100000, 0x0000000090100000|100%| E|CS|TAMS 0x0000000090000000, 0x0000000090000000| Complete 
| 257|0x0000000090100000, 0x0000000090200000, 0x0000000090200000|100%| E|CS|TAMS 0x0000000090100000, 0x0000000090100000| Complete 
| 258|0x0000000090200000, 0x0000000090300000, 0x0000000090300000|100%| E|CS|TAMS 0x0000000090200000, 0x0000000090200000| Complete 
| 259|0x0000000090300000, 0x0000000090400000, 0x0000000090400000|100%| E|CS|TAMS 0x0000000090300000, 0x0000000090300000| Complete 
| 260|0x0000000090400000, 0x0000000090500000, 0x0000000090500000|100%| E|CS|TAMS 0x0000000090400000, 0x0000000090400000| Complete 
| 261|0x0000000090500000, 0x0000000090600000, 0x0000000090600000|100%| E|CS|TAMS 0x0000000090500000, 0x0000000090500000| Complete 
| 262|0x0000000090600000, 0x0000000090700000, 0x0000000090700000|100%| E|CS|TAMS 0x0000000090600000, 0x0000000090600000| Complete 
| 263|0x0000000090700000, 0x0000000090800000, 0x0000000090800000|100%| E|CS|TAMS 0x0000000090700000, 0x0000000090700000| Complete 
| 264|0x0000000090800000, 0x0000000090900000, 0x0000000090900000|100%| E|CS|TAMS 0x0000000090800000, 0x0000000090800000| Complete 

Card table byte_map: [0x0000025f796a0000,0x0000025f79aa0000] _byte_map_base: 0x0000025f792a0000

Marking Bits (Prev, Next): (CMBitMap*) 0x0000025f664a3160, (CMBitMap*) 0x0000025f664a3128
 Prev Bits: [0x0000025f7bea0000, 0x0000025f7dea0000)
 Next Bits: [0x0000025f79ea0000, 0x0000025f7bea0000)

Polling page: 0x0000025f64440000

Metaspace:

Usage:
  Non-class:    132.15 MB capacity,   129.45 MB ( 98%) used,     2.26 MB (  2%) free+waste,   443.44 KB ( <1%) overhead. 
      Class:     20.35 MB capacity,    18.82 MB ( 92%) used,     1.34 MB (  7%) free+waste,   195.69 KB ( <1%) overhead. 
       Both:    152.50 MB capacity,   148.28 MB ( 97%) used,     3.60 MB (  2%) free+waste,   639.13 KB ( <1%) overhead. 

Virtual space:
  Non-class space:      134.00 MB reserved,     132.17 MB ( 99%) committed 
      Class space:        1.00 GB reserved,      20.38 MB (  2%) committed 
             Both:        1.13 GB reserved,     152.55 MB ( 13%) committed 

Chunk freelists:
   Non-Class:  26.00 KB
       Class:  25.00 KB
        Both:  51.00 KB

MaxMetaspaceSize: 17179869184.00 GB
CompressedClassSpaceSize: 1.00 GB
Initial GC threshold: 20.80 MB
Current GC threshold: 245.08 MB
CDS: off

CodeHeap 'non-profiled nmethods': size=120000Kb used=14797Kb max_used=14797Kb free=105202Kb
 bounds [0x0000025f71a40000, 0x0000025f728c0000, 0x0000025f78f70000]
CodeHeap 'profiled nmethods': size=120000Kb used=45265Kb max_used=45265Kb free=74734Kb
 bounds [0x0000025f6a510000, 0x0000025f6d150000, 0x0000025f71a40000]
CodeHeap 'non-nmethods': size=5760Kb used=2467Kb max_used=2531Kb free=3292Kb
 bounds [0x0000025f69f70000, 0x0000025f6a1f0000, 0x0000025f6a510000]
 total_blobs=21058 nmethods=20050 adapters=919
 compilation: enabled
              stopped_count=0, restarted_count=0
 full_count=0

Compilation events (20 events):
Event: 4540.334 Thread 0x0000025f012c4800 21217       4       com.google.common.collect.LinkedListMultimap$ValueForKeyIterator::hasNext (13 bytes)
Event: 4540.334 Thread 0x0000025f012c4800 nmethod 21217 0x0000025f728b0a10 code [0x0000025f728b0ba0, 0x0000025f728b0c18]
Event: 4540.334 Thread 0x0000025f012c4800 21215       4       org.apache.xerces.parsers.AbstractSAXParser$AttributesProxy::getValue (11 bytes)
Event: 4540.336 Thread 0x0000025f012c4800 nmethod 21215 0x0000025f728b0d10 code [0x0000025f728b0ec0, 0x0000025f728b0fd8]
Event: 4540.336 Thread 0x0000025f012c4800 21216       4       org.apache.xerces.dom.AttrImpl::setValue (369 bytes)
Event: 4540.342 Thread 0x0000025f012c4800 nmethod 21216 0x0000025f728b1190 code [0x0000025f728b1360, 0x0000025f728b1798]
Event: 4540.342 Thread 0x0000025f012c4800 21210       4       org.apache.xerces.dom.CoreDocumentImpl::setUserData (183 bytes)
Event: 4540.359 Thread 0x0000025f012ca800 21218   !   3       org.apache.xerces.parsers.DOMParser::getErrorHandler (42 bytes)
Event: 4540.360 Thread 0x0000025f012ca800 nmethod 21218 0x0000025f6d113610 code [0x0000025f6d113840, 0x0000025f6d114188]
Event: 4540.367 Thread 0x0000025f012ca800 21222       3       org.apache.xerces.impl.XMLScanner::scanComment (105 bytes)
Event: 4540.369 Thread 0x0000025f012ca800 nmethod 21222 0x0000025f6d114490 code [0x0000025f6d114780, 0x0000025f6d115908]
Event: 4540.372 Thread 0x0000025f012ca800 21224       3       com.android.utils.XmlUtils::hasElementChildren (47 bytes)
Event: 4540.373 Thread 0x0000025f012ca800 nmethod 21224 0x0000025f6d115e90 code [0x0000025f6d116080, 0x0000025f6d116578]
Event: 4540.374 Thread 0x0000025f012c4800 nmethod 21210 0x0000025f728b1b90 code [0x0000025f728b1e00, 0x0000025f728b2eb0]
Event: 4540.374 Thread 0x0000025f012c4800 21221       4       org.apache.xerces.impl.XMLNSDocumentScannerImpl::scanStartElement (873 bytes)
Event: 4540.536 Thread 0x0000025f012ca800 21225       3       org.apache.xerces.jaxp.DocumentBuilderImpl::setFeatures (73 bytes)
Event: 4540.537 Thread 0x0000025f012ca800 nmethod 21225 0x0000025f6d116710 code [0x0000025f6d116960, 0x0000025f6d117348]
Event: 4540.537 Thread 0x0000025f012ca800 21231   !   3       org.apache.xerces.parsers.ObjectFactory::newInstance (128 bytes)
Event: 4540.537 Thread 0x0000025f012ca800 nmethod 21231 0x0000025f6d117610 code [0x0000025f6d117960, 0x0000025f6d1191b8]
Event: 4540.538 Thread 0x0000025f012ca800 21232   !   3       org.apache.xerces.parsers.ObjectFactory::findProviderClass (137 bytes)

GC Heap History (20 events):
Event: 3270.641 GC heap before
{Heap before GC invocations=140 (full 0):
 garbage-first heap   total 271360K, used 226171K [0x0000000080000000, 0x0000000100000000)
  region size 1024K, 23 young (23552K), 1 survivors (1024K)
 Metaspace       used 146040K, capacity 150213K, committed 150576K, reserved 1179648K
  class space    used 18628K, capacity 20090K, committed 20352K, reserved 1048576K
}
Event: 3270.690 GC heap after
{Heap after GC invocations=141 (full 0):
 garbage-first heap   total 271360K, used 203660K [0x0000000080000000, 0x0000000100000000)
  region size 1024K, 1 young (1024K), 1 survivors (1024K)
 Metaspace       used 146040K, capacity 150213K, committed 150576K, reserved 1179648K
  class space    used 18628K, capacity 20090K, committed 20352K, reserved 1048576K
}
Event: 4489.635 GC heap before
{Heap before GC invocations=141 (full 0):
 garbage-first heap   total 271360K, used 227212K [0x0000000080000000, 0x0000000100000000)
  region size 1024K, 24 young (24576K), 1 survivors (1024K)
 Metaspace       used 146051K, capacity 150213K, committed 150576K, reserved 1179648K
  class space    used 18628K, capacity 20090K, committed 20352K, reserved 1048576K
}
Event: 4489.670 GC heap after
{Heap after GC invocations=142 (full 0):
 garbage-first heap   total 271360K, used 203686K [0x0000000080000000, 0x0000000100000000)
  region size 1024K, 1 young (1024K), 1 survivors (1024K)
 Metaspace       used 146051K, capacity 150213K, committed 150576K, reserved 1179648K
  class space    used 18628K, capacity 20090K, committed 20352K, reserved 1048576K
}
Event: 4535.664 GC heap before
{Heap before GC invocations=142 (full 0):
 garbage-first heap   total 271360K, used 227238K [0x0000000080000000, 0x0000000100000000)
  region size 1024K, 25 young (25600K), 1 survivors (1024K)
 Metaspace       used 146179K, capacity 150317K, committed 150576K, reserved 1179648K
  class space    used 18649K, capacity 20113K, committed 20352K, reserved 1048576K
}
Event: 4535.819 GC heap after
{Heap after GC invocations=143 (full 0):
 garbage-first heap   total 271360K, used 205516K [0x0000000080000000, 0x0000000100000000)
  region size 1024K, 3 young (3072K), 3 survivors (3072K)
 Metaspace       used 146179K, capacity 150317K, committed 150576K, reserved 1179648K
  class space    used 18649K, capacity 20113K, committed 20352K, reserved 1048576K
}
Event: 4537.030 GC heap before
{Heap before GC invocations=143 (full 0):
 garbage-first heap   total 271360K, used 230092K [0x0000000080000000, 0x0000000100000000)
  region size 1024K, 27 young (27648K), 3 survivors (3072K)
 Metaspace       used 146863K, capacity 151074K, committed 151344K, reserved 1179648K
  class space    used 18729K, capacity 20201K, committed 20352K, reserved 1048576K
}
Event: 4537.068 GC heap after
{Heap after GC invocations=144 (full 0):
 garbage-first heap   total 271360K, used 209241K [0x0000000080000000, 0x0000000100000000)
  region size 1024K, 4 young (4096K), 4 survivors (4096K)
 Metaspace       used 146863K, capacity 151074K, committed 151344K, reserved 1179648K
  class space    used 18729K, capacity 20201K, committed 20352K, reserved 1048576K
}
Event: 4537.647 GC heap before
{Heap before GC invocations=144 (full 0):
 garbage-first heap   total 271360K, used 230745K [0x0000000080000000, 0x0000000100000000)
  region size 1024K, 26 young (26624K), 4 survivors (4096K)
 Metaspace       used 149339K, capacity 153669K, committed 153904K, reserved 1183744K
  class space    used 18968K, capacity 20488K, committed 20608K, reserved 1048576K
}
Event: 4537.659 GC heap after
{Heap after GC invocations=145 (full 0):
 garbage-first heap   total 271360K, used 211321K [0x0000000080000000, 0x0000000100000000)
  region size 1024K, 2 young (2048K), 2 survivors (2048K)
 Metaspace       used 149339K, capacity 153669K, committed 153904K, reserved 1183744K
  class space    used 18968K, capacity 20488K, committed 20608K, reserved 1048576K
}
Event: 4537.960 GC heap before
{Heap before GC invocations=145 (full 0):
 garbage-first heap   total 271360K, used 233849K [0x0000000080000000, 0x0000000100000000)
  region size 1024K, 24 young (24576K), 2 survivors (2048K)
 Metaspace       used 150079K, capacity 154458K, committed 154800K, reserved 1183744K
  class space    used 19094K, capacity 20634K, committed 20736K, reserved 1048576K
}
Event: 4537.970 GC heap after
{Heap after GC invocations=146 (full 0):
 garbage-first heap   total 271360K, used 213405K [0x0000000080000000, 0x0000000100000000)
  region size 1024K, 2 young (2048K), 2 survivors (2048K)
 Metaspace       used 150079K, capacity 154458K, committed 154800K, reserved 1183744K
  class space    used 19094K, capacity 20634K, committed 20736K, reserved 1048576K
}
Event: 4538.432 GC heap before
{Heap before GC invocations=146 (full 0):
 garbage-first heap   total 271360K, used 233885K [0x0000000080000000, 0x0000000100000000)
  region size 1024K, 23 young (23552K), 2 survivors (2048K)
 Metaspace       used 151181K, capacity 155595K, committed 155696K, reserved 1183744K
  class space    used 19240K, capacity 20803K, committed 20864K, reserved 1048576K
}
Event: 4538.445 GC heap after
{Heap after GC invocations=147 (full 0):
 garbage-first heap   total 271360K, used 215157K [0x0000000080000000, 0x0000000100000000)
  region size 1024K, 2 young (2048K), 2 survivors (2048K)
 Metaspace       used 151181K, capacity 155595K, committed 155696K, reserved 1183744K
  class space    used 19240K, capacity 20803K, committed 20864K, reserved 1048576K
}
Event: 4538.926 GC heap before
{Heap before GC invocations=147 (full 0):
 garbage-first heap   total 271360K, used 235637K [0x0000000080000000, 0x0000000100000000)
  region size 1024K, 22 young (22528K), 2 survivors (2048K)
 Metaspace       used 151637K, capacity 156029K, committed 156208K, reserved 1185792K
  class space    used 19275K, capacity 20839K, committed 20864K, reserved 1048576K
}
Event: 4538.930 GC heap after
{Heap after GC invocations=148 (full 0):
 garbage-first heap   total 271360K, used 216076K [0x0000000080000000, 0x0000000100000000)
  region size 1024K, 3 young (3072K), 3 survivors (3072K)
 Metaspace       used 151637K, capacity 156029K, committed 156208K, reserved 1185792K
  class space    used 19275K, capacity 20839K, committed 20864K, reserved 1048576K
}
Event: 4539.834 GC heap before
{Heap before GC invocations=148 (full 0):
 garbage-first heap   total 271360K, used 235532K [0x0000000080000000, 0x0000000100000000)
  region size 1024K, 23 young (23552K), 3 survivors (3072K)
 Metaspace       used 151785K, capacity 156157K, committed 156208K, reserved 1185792K
  class space    used 19275K, capacity 20839K, committed 20864K, reserved 1048576K
}
Event: 4539.916 GC heap after
{Heap after GC invocations=149 (full 0):
 garbage-first heap   total 271360K, used 221083K [0x0000000080000000, 0x0000000100000000)
  region size 1024K, 3 young (3072K), 3 survivors (3072K)
 Metaspace       used 151785K, capacity 156157K, committed 156208K, reserved 1185792K
  class space    used 19275K, capacity 20839K, committed 20864K, reserved 1048576K
}
Event: 4540.313 GC heap before
{Heap before GC invocations=149 (full 0):
 garbage-first heap   total 271360K, used 236443K [0x0000000080000000, 0x0000000100000000)
  region size 1024K, 18 young (18432K), 3 survivors (3072K)
 Metaspace       used 151806K, capacity 156157K, committed 156208K, reserved 1185792K
  class space    used 19275K, capacity 20839K, committed 20864K, reserved 1048576K
}
Event: 4540.332 GC heap after
{Heap after GC invocations=150 (full 0):
 garbage-first heap   total 271360K, used 224975K [0x0000000080000000, 0x0000000100000000)
  region size 1024K, 3 young (3072K), 3 survivors (3072K)
 Metaspace       used 151806K, capacity 156157K, committed 156208K, reserved 1185792K
  class space    used 19275K, capacity 20839K, committed 20864K, reserved 1048576K
}

Deoptimization events (20 events):
Event: 4539.363 Thread 0x0000025f084cd000 Uncommon trap: trap_request=0xffffffbe fr.pc=0x0000025f7287c890 relative=0x00000000000007d0
Event: 4539.363 Thread 0x0000025f084cd000 Uncommon trap: reason=profile_predicate action=maybe_recompile pc=0x0000025f7287c890 method=com.android.utils.PositionXmlParser$DomBuilder.findOpeningTag(Lcom/android/utils/PositionXmlParser$Position;)Lcom/android/utils/PositionXmlParser$Position; @ 8 c2
Event: 4539.364 Thread 0x0000025f084cd000 DEOPT PACKING pc=0x0000025f7287c890 sp=0x000000e351cf9e00
Event: 4539.364 Thread 0x0000025f084cd000 DEOPT UNPACKING pc=0x0000025f69fba1af sp=0x000000e351cf9d78 mode 2
Event: 4539.583 Thread 0x0000025f084cd000 Uncommon trap: trap_request=0xffffffbe fr.pc=0x0000025f7287ebbc relative=0x00000000000006fc
Event: 4539.583 Thread 0x0000025f084cd000 Uncommon trap: reason=profile_predicate action=maybe_recompile pc=0x0000025f7287ebbc method=com.android.utils.PositionXmlParser$DomBuilder.findOpeningTag(Lcom/android/utils/PositionXmlParser$Position;)Lcom/android/utils/PositionXmlParser$Position; @ 45 c2
Event: 4539.583 Thread 0x0000025f084cd000 DEOPT PACKING pc=0x0000025f7287ebbc sp=0x000000e351cf9e00
Event: 4539.583 Thread 0x0000025f084cd000 DEOPT UNPACKING pc=0x0000025f69fba1af sp=0x000000e351cf9d70 mode 2
Event: 4539.583 Thread 0x0000025f084cd000 Uncommon trap: trap_request=0xffffffbe fr.pc=0x0000025f7287ebbc relative=0x00000000000006fc
Event: 4539.583 Thread 0x0000025f084cd000 Uncommon trap: reason=profile_predicate action=maybe_recompile pc=0x0000025f7287ebbc method=com.android.utils.PositionXmlParser$DomBuilder.findOpeningTag(Lcom/android/utils/PositionXmlParser$Position;)Lcom/android/utils/PositionXmlParser$Position; @ 45 c2
Event: 4539.583 Thread 0x0000025f084cd000 DEOPT PACKING pc=0x0000025f7287ebbc sp=0x000000e351cf9e00
Event: 4539.583 Thread 0x0000025f084cd000 DEOPT UNPACKING pc=0x0000025f69fba1af sp=0x000000e351cf9d70 mode 2
Event: 4539.765 Thread 0x0000025f084cd000 Uncommon trap: trap_request=0xffffff4d fr.pc=0x0000025f728578b8 relative=0x0000000000000098
Event: 4539.765 Thread 0x0000025f084cd000 Uncommon trap: reason=unstable_if action=reinterpret pc=0x0000025f728578b8 method=org.apache.xerces.impl.XMLEntityScanner.peekChar()I @ 14 c2
Event: 4539.765 Thread 0x0000025f084cd000 DEOPT PACKING pc=0x0000025f728578b8 sp=0x000000e351cf9f20
Event: 4539.765 Thread 0x0000025f084cd000 DEOPT UNPACKING pc=0x0000025f69fba1af sp=0x000000e351cf9eb0 mode 2
Event: 4540.537 Thread 0x0000025f084cd000 Uncommon trap: trap_request=0xffffffc6 fr.pc=0x0000025f728955dc relative=0x00000000000004fc
Event: 4540.537 Thread 0x0000025f084cd000 Uncommon trap: reason=bimorphic_or_optimized_type_check action=maybe_recompile pc=0x0000025f728955dc method=org.apache.xerces.dom.NamedNodeMapImpl.findNamePoint(Ljava/lang/String;I)I @ 50 c2
Event: 4540.537 Thread 0x0000025f084cd000 DEOPT PACKING pc=0x0000025f728955dc sp=0x000000e351cf9d10
Event: 4540.537 Thread 0x0000025f084cd000 DEOPT UNPACKING pc=0x0000025f69fba1af sp=0x000000e351cf9cb8 mode 2

Classes redefined (0 events):
No events

Internal exceptions (20 events):
Event: 4535.487 Thread 0x0000025f0a82a000 Exception <a 'java/lang/NoSuchMethodError'{0x000000008f17f140}: <clinit>> (0x000000008f17f140) thrown at [./src/hotspot/share/prims/jni.cpp, line 1366]
Event: 4535.495 Thread 0x0000025f0a82a000 Exception <a 'java/lang/NoSuchMethodError'{0x000000008f1895d0}: <clinit>> (0x000000008f1895d0) thrown at [./src/hotspot/share/prims/jni.cpp, line 1366]
Event: 4535.540 Thread 0x0000025f0a82a000 Exception <a 'java/lang/NoSuchMethodError'{0x000000008f1c0850}: <clinit>> (0x000000008f1c0850) thrown at [./src/hotspot/share/prims/jni.cpp, line 1366]
Event: 4536.238 Thread 0x0000025f0a82c800 Exception <a 'sun/nio/fs/WindowsException'{0x0000000090658440}> (0x0000000090658440) thrown at [./src/hotspot/share/prims/jni.cpp, line 616]
Event: 4536.932 Thread 0x0000025f0a82c800 Exception <a 'sun/nio/fs/WindowsException'{0x000000008f218170}> (0x000000008f218170) thrown at [./src/hotspot/share/prims/jni.cpp, line 616]
Event: 4536.981 Thread 0x0000025f0a82c800 Exception <a 'sun/nio/fs/WindowsException'{0x000000008f2bce78}> (0x000000008f2bce78) thrown at [./src/hotspot/share/prims/jni.cpp, line 616]
Event: 4536.981 Thread 0x0000025f0a82c800 Exception <a 'sun/nio/fs/WindowsException'{0x000000008f2be0f8}> (0x000000008f2be0f8) thrown at [./src/hotspot/share/prims/jni.cpp, line 616]
Event: 4536.981 Thread 0x0000025f0a82c800 Exception <a 'sun/nio/fs/WindowsException'{0x000000008f2bf3c8}> (0x000000008f2bf3c8) thrown at [./src/hotspot/share/prims/jni.cpp, line 616]
Event: 4536.981 Thread 0x0000025f0a82c800 Exception <a 'sun/nio/fs/WindowsException'{0x000000008f2c0698}> (0x000000008f2c0698) thrown at [./src/hotspot/share/prims/jni.cpp, line 616]
Event: 4537.495 Thread 0x0000025f084d1800 Exception <a 'sun/nio/fs/WindowsException'{0x000000008f8f66a0}> (0x000000008f8f66a0) thrown at [./src/hotspot/share/prims/jni.cpp, line 616]
Event: 4537.496 Thread 0x0000025f084d1800 Exception <a 'sun/nio/fs/WindowsException'{0x000000008f8f7558}> (0x000000008f8f7558) thrown at [./src/hotspot/share/prims/jni.cpp, line 616]
Event: 4537.695 Thread 0x0000025f084d1800 Implicit null exception at 0x0000025f71da16f7 to 0x0000025f71da1880
Event: 4537.719 Thread 0x0000025f0a82a000 Exception <a 'java/lang/NoSuchMethodError'{0x0000000090584de8}: <clinit>> (0x0000000090584de8) thrown at [./src/hotspot/share/prims/jni.cpp, line 1366]
Event: 4537.731 Thread 0x0000025f0a82a000 Exception <a 'java/lang/NoSuchMethodError'{0x0000000090385e58}: <clinit>> (0x0000000090385e58) thrown at [./src/hotspot/share/prims/jni.cpp, line 1366]
Event: 4537.734 Thread 0x0000025f084d0000 Exception <a 'java/lang/NoSuchMethodError'{0x000000009021e6b0}: <clinit>> (0x000000009021e6b0) thrown at [./src/hotspot/share/prims/jni.cpp, line 1366]
Event: 4537.738 Thread 0x0000025f084d0000 Exception <a 'java/lang/NoSuchMethodError'{0x000000009022db60}: <clinit>> (0x000000009022db60) thrown at [./src/hotspot/share/prims/jni.cpp, line 1366]
Event: 4537.739 Thread 0x0000025f084d1800 Exception <a 'java/lang/NoSuchMethodError'{0x0000000090216638}: 'int java.lang.invoke.DirectMethodHandle$Holder.invokeSpecial(java.lang.Object, java.lang.Object, java.lang.Object, java.lang.Object, java.lang.Object)'> (0x0000000090216638) thrown at [./src/hotspot/share/interpreter/linkResolver.cpp, line 773]
Event: 4537.739 Thread 0x0000025f084d0000 Exception <a 'java/lang/NoSuchMethodError'{0x00000000902601f8}: <clinit>> (0x00000000902601f8) thrown at [./src/hotspot/share/prims/jni.cpp, line 1366]
Event: 4538.026 Thread 0x0000025f084cd000 Exception <a 'java/lang/NoSuchMethodError'{0x00000000904033f0}: 'void java.lang.invoke.DirectMethodHandle$Holder.invokeInterface(java.lang.Object, java.lang.Object, java.lang.Object, java.lang.Object)'> (0x00000000904033f0) thrown at [./src/hotspot/share/interpreter/linkResolver.cpp, line 773]
Event: 4538.053 Thread 0x0000025f084d1800 Exception <a 'java/lang/NoSuchMethodError'{0x00000000905d9800}: 'java.lang.Object java.lang.invoke.DirectMethodHandle$Holder.newInvokeSpecial(java.lang.Object, java.lang.Object, java.lang.Object, java.lang.Object)'> (0x00000000905d9800) thrown at [./src/hotspot/share/interpreter/linkResolver.cpp, line 773]

Events (20 events):
Event: 4538.490 loading class com/android/resources/UiMode
Event: 4538.490 loading class com/android/resources/UiMode done
Event: 4538.491 loading class com/android/resources/NightMode
Event: 4538.491 loading class com/android/resources/NightMode done
Event: 4538.492 loading class com/android/resources/TouchScreen
Event: 4538.492 loading class com/android/resources/TouchScreen done
Event: 4538.492 loading class com/android/resources/KeyboardState
Event: 4538.492 loading class com/android/resources/KeyboardState done
Event: 4538.493 loading class com/android/resources/Keyboard
Event: 4538.493 loading class com/android/resources/Keyboard done
Event: 4538.494 loading class com/android/resources/NavigationState
Event: 4538.494 loading class com/android/resources/NavigationState done
Event: 4538.494 loading class com/android/resources/Navigation
Event: 4538.494 loading class com/android/resources/Navigation done
Event: 4538.926 Executing VM operation: G1CollectForAllocation
Event: 4538.930 Executing VM operation: G1CollectForAllocation done
Event: 4539.833 Executing VM operation: G1CollectForAllocation
Event: 4539.916 Executing VM operation: G1CollectForAllocation done
Event: 4540.312 Executing VM operation: G1CollectForAllocation
Event: 4540.332 Executing VM operation: G1CollectForAllocation done


Dynamic libraries:
0x00007ff7b2ea0000 - 0x00007ff7b2eaa000 	C:\Program Files\Android\Android Studio\jre\bin\java.exe
0x00007ffdd44d0000 - 0x00007ffdd46e4000 	C:\WINDOWS\SYSTEM32\ntdll.dll
0x00007ffda26b0000 - 0x00007ffda26c9000 	C:\Program Files\Avast Software\Avast\aswhook.dll
0x00007ffdd36c0000 - 0x00007ffdd3783000 	C:\WINDOWS\System32\KERNEL32.DLL
0x00007ffdd1aa0000 - 0x00007ffdd1e3c000 	C:\WINDOWS\System32\KERNELBASE.dll
0x00007ffdd1910000 - 0x00007ffdd1a21000 	C:\WINDOWS\System32\ucrtbase.dll
0x00007ffdbd920000 - 0x00007ffdbd939000 	C:\Program Files\Android\Android Studio\jre\bin\jli.dll
0x00007ffdd3210000 - 0x00007ffdd33bd000 	C:\WINDOWS\System32\USER32.dll
0x00007ffdd22b0000 - 0x00007ffdd22d6000 	C:\WINDOWS\System32\win32u.dll
0x00007ffdb7df0000 - 0x00007ffdb807e000 	C:\WINDOWS\WinSxS\amd64_microsoft.windows.common-controls_6595b64144ccf1df_6.0.22621.608_none_a9444ca7c10bb01d\COMCTL32.dll
0x00007ffdd3590000 - 0x00007ffdd35b9000 	C:\WINDOWS\System32\GDI32.dll
0x00007ffdd42e0000 - 0x00007ffdd4387000 	C:\WINDOWS\System32\msvcrt.dll
0x00007ffdd1fb0000 - 0x00007ffdd20c3000 	C:\WINDOWS\System32\gdi32full.dll
0x00007ffdd20d0000 - 0x00007ffdd216a000 	C:\WINDOWS\System32\msvcp_win.dll
0x00007ffdbd900000 - 0x00007ffdbd917000 	C:\Program Files\Android\Android Studio\jre\bin\VCRUNTIME140.dll
0x00007ffdd2b80000 - 0x00007ffdd2bb1000 	C:\WINDOWS\System32\IMM32.DLL
0x00007ffd87dd0000 - 0x00007ffd87e6d000 	C:\Program Files\Android\Android Studio\jre\bin\msvcp140.dll
0x00007ffd68a70000 - 0x00007ffd69572000 	C:\Program Files\Android\Android Studio\jre\bin\server\jvm.dll
0x00007ffdd2ad0000 - 0x00007ffdd2b7e000 	C:\WINDOWS\System32\ADVAPI32.dll
0x00007ffdd2fc0000 - 0x00007ffdd3064000 	C:\WINDOWS\System32\sechost.dll
0x00007ffdd33c0000 - 0x00007ffdd34d5000 	C:\WINDOWS\System32\RPCRT4.dll
0x00007ffdd36b0000 - 0x00007ffdd36b8000 	C:\WINDOWS\System32\PSAPI.DLL
0x00007ffdbc970000 - 0x00007ffdbc979000 	C:\WINDOWS\SYSTEM32\WSOCK32.dll
0x00007ffdcc510000 - 0x00007ffdcc51a000 	C:\WINDOWS\SYSTEM32\VERSION.dll
0x00007ffdcba90000 - 0x00007ffdcbac4000 	C:\WINDOWS\SYSTEM32\WINMM.dll
0x00007ffdd2f40000 - 0x00007ffdd2fb1000 	C:\WINDOWS\System32\WS2_32.dll
0x00007ffdd09c0000 - 0x00007ffdd09d8000 	C:\WINDOWS\SYSTEM32\kernel.appcore.dll
0x00007ffdcc270000 - 0x00007ffdcc281000 	C:\Program Files\Android\Android Studio\jre\bin\verify.dll
0x00007ffdcf010000 - 0x00007ffdcf23e000 	C:\WINDOWS\SYSTEM32\DBGHELP.DLL
0x00007ffdd39b0000 - 0x00007ffdd3d39000 	C:\WINDOWS\System32\combase.dll
0x00007ffdd35d0000 - 0x00007ffdd36a7000 	C:\WINDOWS\System32\OLEAUT32.dll
0x00007ffdca030000 - 0x00007ffdca062000 	C:\WINDOWS\SYSTEM32\dbgcore.DLL
0x00007ffdd2170000 - 0x00007ffdd21eb000 	C:\WINDOWS\System32\bcryptPrimitives.dll
0x00007ffdc04f0000 - 0x00007ffdc0519000 	C:\Program Files\Android\Android Studio\jre\bin\java.dll
0x00007ffdcc220000 - 0x00007ffdcc22b000 	C:\Program Files\Android\Android Studio\jre\bin\jimage.dll
0x00007ffdc88a0000 - 0x00007ffdc88b8000 	C:\Program Files\Android\Android Studio\jre\bin\zip.dll
0x00007ffdd22e0000 - 0x00007ffdd2ad0000 	C:\WINDOWS\System32\SHELL32.dll
0x00007ffdcf8b0000 - 0x00007ffdd017e000 	C:\WINDOWS\SYSTEM32\windows.storage.dll
0x00007ffdcf770000 - 0x00007ffdcf8ae000 	C:\WINDOWS\SYSTEM32\wintypes.dll
0x00007ffdd3d60000 - 0x00007ffdd3e51000 	C:\WINDOWS\System32\SHCORE.dll
0x00007ffdd3950000 - 0x00007ffdd39ae000 	C:\WINDOWS\System32\shlwapi.dll
0x00007ffdd1840000 - 0x00007ffdd1861000 	C:\WINDOWS\SYSTEM32\profapi.dll
0x00007ffdc04d0000 - 0x00007ffdc04ea000 	C:\Program Files\Android\Android Studio\jre\bin\net.dll
0x00007ffdcbe00000 - 0x00007ffdcbf2f000 	C:\WINDOWS\SYSTEM32\WINHTTP.dll
0x00007ffdd0e80000 - 0x00007ffdd0ee9000 	C:\WINDOWS\system32\mswsock.dll
0x00007ffdbfcd0000 - 0x00007ffdbfce4000 	C:\Program Files\Android\Android Studio\jre\bin\nio.dll
0x00007ffdc9a20000 - 0x00007ffdc9a47000 	C:\Users\Nguyen Phuc\.gradle\native\e1d6ef7f7dcc3fd88c89a11ec53ec762bb8ba0a96d01ffa2cd45eb1d1d8dd5c5\windows-amd64\native-platform.dll
0x00007ffd7f910000 - 0x00007ffd7fa54000 	C:\Users\Nguyen Phuc\.gradle\native\0d407fdbe67a94daf76414ababcb853783967236a71b16ec16e742cd7a986fd3\windows-amd64\native-platform-file-events.dll
0x00007ffdc3760000 - 0x00007ffdc376a000 	C:\Program Files\Android\Android Studio\jre\bin\management.dll
0x00007ffdc05b0000 - 0x00007ffdc05bd000 	C:\Program Files\Android\Android Studio\jre\bin\management_ext.dll
0x00007ffdd1100000 - 0x00007ffdd111b000 	C:\WINDOWS\SYSTEM32\CRYPTSP.dll
0x00007ffdd0980000 - 0x00007ffdd09b5000 	C:\WINDOWS\system32\rsaenh.dll
0x00007ffdd0fa0000 - 0x00007ffdd0fc8000 	C:\WINDOWS\SYSTEM32\USERENV.dll
0x00007ffdd12e0000 - 0x00007ffdd1308000 	C:\WINDOWS\SYSTEM32\bcrypt.dll
0x00007ffdd1120000 - 0x00007ffdd112c000 	C:\WINDOWS\SYSTEM32\CRYPTBASE.dll
0x00007ffdd0440000 - 0x00007ffdd046d000 	C:\WINDOWS\SYSTEM32\IPHLPAPI.DLL
0x00007ffdd35c0000 - 0x00007ffdd35c9000 	C:\WINDOWS\System32\NSI.dll
0x00007ffdcbde0000 - 0x00007ffdcbdf9000 	C:\WINDOWS\SYSTEM32\dhcpcsvc6.DLL
0x00007ffdcbdc0000 - 0x00007ffdcbddf000 	C:\WINDOWS\SYSTEM32\dhcpcsvc.DLL
0x00007ffdd04b0000 - 0x00007ffdd05a3000 	C:\WINDOWS\SYSTEM32\DNSAPI.dll
0x00007ffdb8e90000 - 0x00007ffdb8eb7000 	C:\Program Files\Android\Android Studio\jre\bin\sunec.dll
0x00007ffdc5fc0000 - 0x00007ffdc5fca000 	C:\Windows\System32\rasadhlp.dll
0x00007ffdcb720000 - 0x00007ffdcb7a3000 	C:\WINDOWS\System32\fwpuclnt.dll

dbghelp: loaded successfully - version: 4.0.5 - missing functions: none
symbol engine: initialized successfully - sym options: 0x614 - pdb path: .;C:\Program Files\Android\Android Studio\jre\bin;C:\WINDOWS\SYSTEM32;C:\Program Files\Avast Software\Avast;C:\WINDOWS\WinSxS\amd64_microsoft.windows.common-controls_6595b64144ccf1df_6.0.22621.608_none_a9444ca7c10bb01d;C:\Program Files\Android\Android Studio\jre\bin\server;C:\Users\Nguyen Phuc\.gradle\native\e1d6ef7f7dcc3fd88c89a11ec53ec762bb8ba0a96d01ffa2cd45eb1d1d8dd5c5\windows-amd64;C:\Users\Nguyen Phuc\.gradle\native\0d407fdbe67a94daf76414ababcb853783967236a71b16ec16e742cd7a986fd3\windows-amd64

VM Arguments:
jvm_args: --add-opens=java.base/java.util=ALL-UNNAMED --add-opens=java.base/java.lang=ALL-UNNAMED --add-opens=java.base/java.lang.invoke=ALL-UNNAMED --add-opens=java.base/java.util=ALL-UNNAMED --add-opens=java.prefs/java.util.prefs=ALL-UNNAMED --add-opens=java.prefs/java.util.prefs=ALL-UNNAMED --add-opens=java.base/java.nio.charset=ALL-UNNAMED --add-opens=java.base/java.net=ALL-UNNAMED --add-opens=java.base/java.util.concurrent.atomic=ALL-UNNAMED -Xmx2048m -Dfile.encoding=UTF-8 -Duser.country=US -Duser.language=en -Duser.variant 
java_command: org.gradle.launcher.daemon.bootstrap.GradleDaemon 7.4
java_class_path (initial): C:\Users\Nguyen Phuc\.gradle\wrapper\dists\gradle-7.4-bin\c0gwcg53nkjbqw7r0h0umtfvt\gradle-7.4\lib\gradle-launcher-7.4.jar
Launcher Type: SUN_STANDARD

[Global flags]
     intx CICompilerCount                          = 4                                         {product} {ergonomic}
     uint ConcGCThreads                            = 2                                         {product} {ergonomic}
     uint G1ConcRefinementThreads                  = 8                                         {product} {ergonomic}
   size_t G1HeapRegionSize                         = 1048576                                   {product} {ergonomic}
    uintx GCDrainStackTargetSize                   = 64                                        {product} {ergonomic}
   size_t InitialHeapSize                          = 132120576                                 {product} {ergonomic}
   size_t MarkStackSize                            = 4194304                                   {product} {ergonomic}
   size_t MaxHeapSize                              = 2147483648                                {product} {command line}
   size_t MaxNewSize                               = 1287651328                                {product} {ergonomic}
   size_t MinHeapDeltaBytes                        = 1048576                                   {product} {ergonomic}
    uintx NonNMethodCodeHeapSize                   = 5836300                                {pd product} {ergonomic}
    uintx NonProfiledCodeHeapSize                  = 122910970                              {pd product} {ergonomic}
    uintx ProfiledCodeHeapSize                     = 122910970                              {pd product} {ergonomic}
    uintx ReservedCodeCacheSize                    = 251658240                              {pd product} {ergonomic}
     bool SegmentedCodeCache                       = true                                      {product} {ergonomic}
     bool UseCompressedClassPointers               = true                                 {lp64_product} {ergonomic}
     bool UseCompressedOops                        = true                                 {lp64_product} {ergonomic}
     bool UseG1GC                                  = true                                      {product} {ergonomic}
     bool UseLargePagesIndividualAllocation        = false                                  {pd product} {ergonomic}

Logging:
Log output configuration:
 #0: stdout all=warning uptime,level,tags
 #1: stderr all=off uptime,level,tags

Environment Variables:
PATH=c:\program files\common files\oracle\java\javapath;c:\windows\system32;c:\windows;c:\windows\system32\wbem;c:\windows\system32\windowspowershell\v1.0\;c:\windows\system32\openssh\;c:\windows\system32;c:\windows;c:\windows\system32\wbem;c:\windows\system32\windowspowershell\v1.0\;c:\windows\system32\openssh\;c:\program files\git\cmd;c:\program files\java\jdk-18.0.2.1\bin;c:\users\nguyen phuc\appdata\local\programs\python\python311;c:\users\nguyen phuc\appdata\local\programs\python\python311\scripts;c:\xampp\php;c:\composer;C:\Program Files (x86)\NVIDIA Corporation\PhysX\Common;C:\Users\Nguyen Phuc\AppData\Local\Programs\Python\Python311\Scripts\;C:\Users\Nguyen Phuc\AppData\Local\Programs\Python\Python311\;C:\Users\Nguyen Phuc\AppData\Local\Microsoft\WindowsApps;;D:\Microsoft VS Code\bin;C:\Users\Nguyen Phuc\AppData\Roaming\Composer\vendor\bin
USERNAME=Nguyen Phuc
OS=Windows_NT
PROCESSOR_IDENTIFIER=Intel64 Family 6 Model 165 Stepping 2, GenuineIntel



---------------  S Y S T E M  ---------------

OS: Windows 11 , 64 bit Build 22621 (10.0.22621.1344)
OS uptime: 2 days 6:39 hours
Hyper-V role detected

CPU:total 8 (initial active 8) (4 cores per cpu, 2 threads per core) family 6 model 165 stepping 2 microcode 0xe0, cmov, cx8, fxsr, mmx, sse, sse2, sse3, ssse3, sse4.1, sse4.2, popcnt, avx, avx2, aes, clmul, erms, 3dnowpref, lzcnt, ht, tsc, tscinvbit, bmi1, bmi2, adx, fma

Memory: 4k page, system-wide physical 8029M (16M free)
TotalPageFile size 32605M (AvailPageFile size 2M)
current process WorkingSet (physical memory assigned to process): 339M, peak: 500M
current process commit charge ("private bytes"): 703M, peak: 705M

vm_info: OpenJDK 64-Bit Server VM (11.0.13+0-b1751.21-8125866) for windows-amd64 JRE (11.0.13+0-b1751.21-8125866), built on Feb  2 2022 03:00:22 by "builder" with MS VC++ 14.0 (VS2015)

END.
